Log file open, 11/16/22 23:41:20
LogWindows: Failed to load 'aqProf.dll' (GetLastError=126)
LogWindows: File 'aqProf.dll' does not exist
LogWindows: Failed to load 'VtuneApi.dll' (GetLastError=126)
LogWindows: File 'VtuneApi.dll' does not exist
LogWindows: Failed to load 'VtuneApi32e.dll' (GetLastError=126)
LogWindows: File 'VtuneApi32e.dll' does not exist
LogConsoleResponse: Display: Failed to find resolution value strings in scalability ini. Falling back to default.
LogConsoleResponse: Display: Failed to find resolution value strings in scalability ini. Falling back to default.
LogInit: Display: Running engine for game: Final_Project
LogPlatformFile: Not using cached read wrapper
LogTaskGraph: Started task graph with 5 named threads and 35 total threads with 3 sets of task threads.
LogStats: Stats thread started at 0.280762
LogICUInternationalization: ICU TimeZone Detection - Raw Offset: -6:00, Platform Override: ''
LogInit: Display: Loading text-based GConfig....
LogPluginManager: Mounting plugin MeshPainting
LogPluginManager: Mounting plugin XGEController
LogPluginManager: Mounting plugin Paper2D
LogPluginManager: Mounting plugin LiveLink
LogPluginManager: Mounting plugin EnvironmentQueryEditor
LogPluginManager: Mounting plugin LightPropagationVolume
LogPluginManager: Mounting plugin CameraShakePreviewer
LogPluginManager: Mounting plugin GameplayCameras
LogPluginManager: Mounting plugin OodleData
LogPluginManager: Mounting plugin AISupport
LogPluginManager: Mounting plugin AnimationSharing
LogPluginManager: Mounting plugin OodleNetwork
LogPluginManager: Mounting plugin CLionSourceCodeAccess
LogPluginManager: Mounting plugin CodeLiteSourceCodeAccess
LogPluginManager: Mounting plugin NullSourceCodeAccess
LogPluginManager: Mounting plugin KDevelopSourceCodeAccess
LogPluginManager: Mounting plugin GitSourceControl
LogPluginManager: Mounting plugin PerforceSourceControl
LogPluginManager: Mounting plugin PixWinPlugin
LogPluginManager: Mounting plugin PlasticSourceControl
LogPluginManager: Mounting plugin PluginUtils
LogPluginManager: Mounting plugin RiderSourceCodeAccess
LogPluginManager: Mounting plugin SubversionSourceControl
LogPluginManager: Mounting plugin TextureFormatOodle
LogPluginManager: Mounting plugin PropertyAccessNode
LogPluginManager: Mounting plugin UObjectPlugin
LogPluginManager: Mounting plugin DatasmithContent
LogPluginManager: Mounting plugin VisualStudioCodeSourceCodeAccess
LogPluginManager: Mounting plugin VisualStudioSourceCodeAccess
LogPluginManager: Mounting plugin XCodeSourceCodeAccess
LogPluginManager: Mounting plugin VariantManagerContent
LogPluginManager: Mounting plugin Niagara
LogPluginManager: Mounting plugin AlembicImporter
LogPluginManager: Mounting plugin AutomationUtils
LogPluginManager: Mounting plugin BackChannel
LogPluginManager: Mounting plugin ChaosClothEditor
LogPluginManager: Mounting plugin ChaosCloth
LogPluginManager: Mounting plugin ChaosEditor
LogPluginManager: Mounting plugin ChaosNiagara
LogPluginManager: Mounting plugin ChaosSolverPlugin
LogPluginManager: Mounting plugin CharacterAI
LogPluginManager: Mounting plugin GeometryCache
LogPluginManager: Mounting plugin GeometryCollectionPlugin
LogPluginManager: Mounting plugin CryptoKeys
LogPluginManager: Mounting plugin CurveEditorTools
LogPluginManager: Mounting plugin AssetManagerEditor
LogPluginManager: Mounting plugin DataValidation
LogPluginManager: Mounting plugin FacialAnimation
LogPluginManager: Mounting plugin GameplayTagsEditor
LogPluginManager: Mounting plugin GeometryMode
LogPluginManager: Mounting plugin MacGraphicsSwitching
LogPluginManager: Mounting plugin MaterialAnalyzer
LogPluginManager: Mounting plugin MobileLauncherProfileWizard
LogPluginManager: Mounting plugin SpeedTreeImporter
LogPluginManager: Mounting plugin GeometryProcessing
LogPluginManager: Mounting plugin PluginBrowser
LogPluginManager: Mounting plugin MotoSynth
LogPluginManager: Mounting plugin OpenImageDenoise
LogPluginManager: Mounting plugin LuminPlatformFeatures
LogPluginManager: Mounting plugin PlanarCut
LogPluginManager: Mounting plugin PlatformCrypto
LogPluginManager: Mounting plugin PythonScriptPlugin
LogPluginManager: Mounting plugin ProxyLODPlugin
LogPluginManager: Mounting plugin MagicLeap
LogPluginManager: Mounting plugin SkeletalReduction
LogPluginManager: Mounting plugin MagicLeapMedia
LogPluginManager: Mounting plugin MagicLeapPassableWorld
LogPluginManager: Mounting plugin MLSDK
LogPluginManager: Mounting plugin AndroidMedia
LogPluginManager: Mounting plugin MagicLeapLightEstimation
LogPluginManager: Mounting plugin AvfMedia
LogPluginManager: Mounting plugin ImgMedia
LogPluginManager: Mounting plugin MediaPlayerEditor
LogPluginManager: Mounting plugin WmfMedia
LogPluginManager: Mounting plugin WebMMedia
LogPluginManager: Mounting plugin UdpMessaging
LogPluginManager: Mounting plugin ActorSequence
LogPluginManager: Mounting plugin TcpMessaging
LogPluginManager: Mounting plugin MatineeToLevelSequence
LogPluginManager: Mounting plugin LevelSequenceEditor
LogPluginManager: Mounting plugin TemplateSequence
LogPluginManager: Mounting plugin LauncherChunkInstaller
LogPluginManager: Mounting plugin OnlineSubsystem
LogPluginManager: Mounting plugin OnlineSubsystemNull
LogPluginManager: Mounting plugin OnlineSubsystemUtils
LogPluginManager: Mounting plugin MediaCompositing
LogPluginManager: Mounting plugin ActorLayerUtilities
LogPluginManager: Mounting plugin ScreenshotTools
LogPluginManager: Mounting plugin AndroidDeviceProfileSelector
LogPluginManager: Mounting plugin AndroidMoviePlayer
LogPluginManager: Mounting plugin AndroidPermission
LogPluginManager: Mounting plugin ApexDestruction
LogPluginManager: Mounting plugin AppleImageUtils
LogPluginManager: Mounting plugin ArchVisCharacter
LogPluginManager: Mounting plugin AppleMoviePlayer
LogPluginManager: Mounting plugin AssetTags
LogPluginManager: Mounting plugin AudioCapture
LogPluginManager: Mounting plugin CableComponent
LogPluginManager: Mounting plugin ChunkDownloader
LogPluginManager: Mounting plugin CustomMeshComponent
LogPluginManager: Mounting plugin EditableMesh
LogPluginManager: Mounting plugin ExampleDeviceProfileSelector
LogPluginManager: Mounting plugin GooglePAD
LogPluginManager: Mounting plugin GoogleCloudMessaging
LogPluginManager: Mounting plugin Takes
LogPluginManager: Mounting plugin IOSDeviceProfileSelector
LogPluginManager: Mounting plugin AudioSynesthesia
LogPluginManager: Mounting plugin LocationServicesBPLibrary
LogPluginManager: Mounting plugin LinuxDeviceProfileSelector
LogPluginManager: Mounting plugin MobilePatchingUtils
LogPluginManager: Mounting plugin OpenXR
LogPluginManager: Mounting plugin OpenXREyeTracker
LogPluginManager: Mounting plugin OpenXRHandTracking
LogPluginManager: Mounting plugin PhysXVehicles
LogPluginManager: Mounting plugin PostSplashScreen
LogPluginManager: Mounting plugin PropertyAccessEditor
LogPluginManager: Mounting plugin RuntimePhysXCooking
LogPluginManager: Mounting plugin SignificanceManager
LogPluginManager: Mounting plugin SoundFields
LogPluginManager: Mounting plugin Synthesis
LogPluginManager: Mounting plugin WebMMoviePlayer
LogPluginManager: Mounting plugin ProceduralMeshComponent
LogPluginManager: Mounting plugin WindowsMoviePlayer
LogPluginManager: Mounting plugin ContentBrowserAssetDataSource
LogPluginManager: Mounting plugin ContentBrowserFileDataSource
LogPluginManager: Mounting plugin ContentBrowserClassDataSource
LogPluginManager: Mounting plugin OnlineSubsystemGooglePlay
LogPluginManager: Mounting plugin OnlineSubsystemIOS
LogPluginManager: Mounting plugin OculusVR
LogPluginManager: Mounting plugin SteamVR
PixWinPlugin: PIX capture plugin failed to initialize! Check that the process is launched from PIX.
LogInit: Using libcurl 7.55.1-DEV
LogInit:  - built for x86_64-pc-win32
LogInit:  - supports SSL with OpenSSL/1.1.1
LogInit:  - supports HTTP deflate (compression) using libz 1.2.8
LogInit:  - other features:
LogInit:      CURL_VERSION_SSL
LogInit:      CURL_VERSION_LIBZ
LogInit:      CURL_VERSION_IPV6
LogInit:      CURL_VERSION_ASYNCHDNS
LogInit:      CURL_VERSION_LARGEFILE
LogInit:      CURL_VERSION_IDN
LogInit:  CurlRequestOptions (configurable via config and command line):
LogInit:  - bVerifyPeer = true  - Libcurl will verify peer certificate
LogInit:  - bUseHttpProxy = false  - Libcurl will NOT use HTTP proxy
LogInit:  - bDontReuseConnections = false  - Libcurl will reuse connections
LogInit:  - MaxHostConnections = 16  - Libcurl will limit the number of connections to a host
LogInit:  - LocalHostAddr = Default
LogInit:  - BufferSize = 65536
LogOnline: OSS: Creating online subsystem instance for: NULL
LogInit: WinSock: version 1.1 (2.2), MaxSocks=32767, MaxUdp=65467
LogOnline: OSS: TryLoadSubsystemAndSetDefault: Loaded subsystem for module [NULL]
LogOculusPluginWrapper: OculusPlugin initialized successfully
LogHMD: Failed initializing OVRPlugin 1.59.0
LogInit: Build: ++UE4+Release-4.27-CL-18319896
LogInit: Engine Version: 4.27.2-18319896+++UE4+Release-4.27
LogInit: Compatible Engine Version: 4.27.0-17155196+++UE4+Release-4.27
LogInit: Net CL: 17155196
LogInit: OS: Windows 10 (Release 2009) (), CPU: Intel(R) Core(TM) i7-9750H CPU @ 2.60GHz, GPU: NVIDIA GeForce RTX 2070
LogInit: Compiled (64-bit): Nov 30 2021 07:12:08
LogInit: Compiled with Visual C++: 19.24.28315.00
LogInit: Build Configuration: Development
LogInit: Branch Name: ++UE4+Release-4.27
LogInit: Command Line: 
LogInit: Base Directory: C:/Program Files/Epic Games/UE_4.27/Engine/Binaries/Win64/
LogInit: Allocator: TBB
LogInit: Installed Engine Build: 1
LogDevObjectVersion: Number of dev versions registered: 29
LogDevObjectVersion:   Dev-Blueprints (B0D832E4-1F89-4F0D-ACCF-7EB736FD4AA2): 10
LogDevObjectVersion:   Dev-Build (E1C64328-A22C-4D53-A36C-8E866417BD8C): 0
LogDevObjectVersion:   Dev-Core (375EC13C-06E4-48FB-B500-84F0262A717E): 4
LogDevObjectVersion:   Dev-Editor (E4B068ED-F494-42E9-A231-DA0B2E46BB41): 40
LogDevObjectVersion:   Dev-Framework (CFFC743F-43B0-4480-9391-14DF171D2073): 37
LogDevObjectVersion:   Dev-Mobile (B02B49B5-BB20-44E9-A304-32B752E40360): 3
LogDevObjectVersion:   Dev-Networking (A4E4105C-59A1-49B5-A7C5-40C4547EDFEE): 0
LogDevObjectVersion:   Dev-Online (39C831C9-5AE6-47DC-9A44-9C173E1C8E7C): 0
LogDevObjectVersion:   Dev-Physics (78F01B33-EBEA-4F98-B9B4-84EACCB95AA2): 14
LogDevObjectVersion:   Dev-Platform (6631380F-2D4D-43E0-8009-CF276956A95A): 0
LogDevObjectVersion:   Dev-Rendering (12F88B9F-8875-4AFC-A67C-D90C383ABD29): 45
LogDevObjectVersion:   Dev-Sequencer (7B5AE74C-D270-4C10-A958-57980B212A5A): 13
LogDevObjectVersion:   Dev-VR (D7296918-1DD6-4BDD-9DE2-64A83CC13884): 3
LogDevObjectVersion:   Dev-LoadTimes (C2A15278-BFE7-4AFE-6C17-90FF531DF755): 1
LogDevObjectVersion:   Private-Geometry (6EACA3D4-40EC-4CC1-B786-8BED09428FC5): 3
LogDevObjectVersion:   Dev-AnimPhys (29E575DD-E0A3-4627-9D10-D276232CDCEA): 17
LogDevObjectVersion:   Dev-Anim (AF43A65D-7FD3-4947-9873-3E8ED9C1BB05): 15
LogDevObjectVersion:   Dev-ReflectionCapture (6B266CEC-1EC7-4B8F-A30B-E4D90942FC07): 1
LogDevObjectVersion:   Dev-Automation (0DF73D61-A23F-47EA-B727-89E90C41499A): 1
LogDevObjectVersion:   FortniteMain (601D1886-AC64-4F84-AA16-D3DE0DEAC7D6): 47
LogDevObjectVersion:   FortniteRelease (E7086368-6B23-4C58-8439-1B7016265E91): 1
LogDevObjectVersion:   Dev-Enterprise (9DFFBCD6-494F-0158-E221-12823C92A888): 10
LogDevObjectVersion:   Dev-Niagara (F2AED0AC-9AFE-416F-8664-AA7FFA26D6FC): 1
LogDevObjectVersion:   Dev-Destruction (174F1F0B-B4C6-45A5-B13F-2EE8D0FB917D): 10
LogDevObjectVersion:   Dev-Physics-Ext (35F94A83-E258-406C-A318-09F59610247C): 41
LogDevObjectVersion:   Dev-PhysicsMaterial-Chaos (B68FC16E-8B1B-42E2-B453-215C058844FE): 1
LogDevObjectVersion:   Dev-CineCamera (B2E18506-4273-CFC2-A54E-F4BB758BBA07): 1
LogDevObjectVersion:   Dev-VirtualProduction (64F58936-FD1B-42BA-BA96-7289D5D0FA4E): 1
LogDevObjectVersion:   Dev-MediaFramework (6F0ED827-A609-4895-9C91-998D90180EA4): 2
LogInit: Presizing for max 25165824 objects, including 0 objects not considered by GC, pre-allocating 0 bytes for permanent pool.
LogConfig: Applying CVar settings from Section [/Script/Engine.StreamingSettings] File [E:/UIUC/CS 415/CS415_Final_Project/Final_Project/Saved/Config/Windows/Engine.ini]
LogConfig: Setting CVar [[s.MinBulkDataSizeForAsyncLoading:131072]]
LogConfig: Setting CVar [[s.AsyncLoadingThreadEnabled:0]]
LogConfig: Setting CVar [[s.EventDrivenLoaderEnabled:1]]
LogConfig: Setting CVar [[s.WarnIfTimeLimitExceeded:0]]
LogConfig: Setting CVar [[s.TimeLimitExceededMultiplier:1.5]]
LogConfig: Setting CVar [[s.TimeLimitExceededMinTime:0.005]]
LogConfig: Setting CVar [[s.UseBackgroundLevelStreaming:1]]
LogConfig: Setting CVar [[s.PriorityAsyncLoadingExtraTime:15.0]]
LogConfig: Setting CVar [[s.LevelStreamingActorsUpdateTimeLimit:5.0]]
LogConfig: Setting CVar [[s.PriorityLevelStreamingActorsUpdateExtraTime:5.0]]
LogConfig: Setting CVar [[s.LevelStreamingComponentsRegistrationGranularity:10]]
LogConfig: Setting CVar [[s.UnregisterComponentsTimeLimit:1.0]]
LogConfig: Setting CVar [[s.LevelStreamingComponentsUnregistrationGranularity:5]]
LogConfig: Setting CVar [[s.FlushStreamingOnExit:1]]
LogInit: Object subsystem initialized
LogConfig: Setting CVar [[con.DebugEarlyDefault:1]]
LogConfig: Setting CVar [[r.setres:1280x720]]
[2022.11.17-05.41.21:019][  0]LogConfig: Setting CVar [[r.VSync:0]]
[2022.11.17-05.41.21:019][  0]LogConfig: Setting CVar [[r.RHICmdBypass:0]]
[2022.11.17-05.41.21:019][  0]LogConfig: Applying CVar settings from Section [/Script/Engine.RendererSettings] File [E:/UIUC/CS 415/CS415_Final_Project/Final_Project/Saved/Config/Windows/Engine.ini]
[2022.11.17-05.41.21:019][  0]LogConfig: Setting CVar [[r.GPUCrashDebugging:0]]
[2022.11.17-05.41.21:019][  0]LogConfig: Applying CVar settings from Section [/Script/Engine.RendererOverrideSettings] File [E:/UIUC/CS 415/CS415_Final_Project/Final_Project/Saved/Config/Windows/Engine.ini]
[2022.11.17-05.41.21:019][  0]LogConfig: Applying CVar settings from Section [/Script/Engine.StreamingSettings] File [E:/UIUC/CS 415/CS415_Final_Project/Final_Project/Saved/Config/Windows/Engine.ini]
[2022.11.17-05.41.21:019][  0]LogConfig: Setting CVar [[s.MinBulkDataSizeForAsyncLoading:131072]]
[2022.11.17-05.41.21:019][  0]LogConfig: Setting CVar [[s.AsyncLoadingThreadEnabled:0]]
[2022.11.17-05.41.21:019][  0]LogConfig: Setting CVar [[s.EventDrivenLoaderEnabled:1]]
[2022.11.17-05.41.21:019][  0]LogConfig: Setting CVar [[s.WarnIfTimeLimitExceeded:0]]
[2022.11.17-05.41.21:019][  0]LogConfig: Setting CVar [[s.TimeLimitExceededMultiplier:1.5]]
[2022.11.17-05.41.21:019][  0]LogConfig: Setting CVar [[s.TimeLimitExceededMinTime:0.005]]
[2022.11.17-05.41.21:019][  0]LogConfig: Setting CVar [[s.UseBackgroundLevelStreaming:1]]
[2022.11.17-05.41.21:019][  0]LogConfig: Setting CVar [[s.PriorityAsyncLoadingExtraTime:15.0]]
[2022.11.17-05.41.21:019][  0]LogConfig: Setting CVar [[s.LevelStreamingActorsUpdateTimeLimit:5.0]]
[2022.11.17-05.41.21:019][  0]LogConfig: Setting CVar [[s.PriorityLevelStreamingActorsUpdateExtraTime:5.0]]
[2022.11.17-05.41.21:019][  0]LogConfig: Setting CVar [[s.LevelStreamingComponentsRegistrationGranularity:10]]
[2022.11.17-05.41.21:019][  0]LogConfig: Setting CVar [[s.UnregisterComponentsTimeLimit:1.0]]
[2022.11.17-05.41.21:019][  0]LogConfig: Setting CVar [[s.LevelStreamingComponentsUnregistrationGranularity:5]]
[2022.11.17-05.41.21:019][  0]LogConfig: Setting CVar [[s.FlushStreamingOnExit:1]]
[2022.11.17-05.41.21:019][  0]LogConfig: Applying CVar settings from Section [/Script/Engine.GarbageCollectionSettings] File [E:/UIUC/CS 415/CS415_Final_Project/Final_Project/Saved/Config/Windows/Engine.ini]
[2022.11.17-05.41.21:019][  0]LogConfig: Setting CVar [[gc.MaxObjectsNotConsideredByGC:1]]
[2022.11.17-05.41.21:019][  0]LogConfig: Setting CVar [[gc.SizeOfPermanentObjectPool:0]]
[2022.11.17-05.41.21:019][  0]LogConfig: Setting CVar [[gc.FlushStreamingOnGC:0]]
[2022.11.17-05.41.21:019][  0]LogConfig: Setting CVar [[gc.NumRetriesBeforeForcingGC:10]]
[2022.11.17-05.41.21:019][  0]LogConfig: Setting CVar [[gc.AllowParallelGC:1]]
[2022.11.17-05.41.21:019][  0]LogConfig: Setting CVar [[gc.TimeBetweenPurgingPendingKillObjects:61.1]]
[2022.11.17-05.41.21:019][  0]LogConfig: Setting CVar [[gc.MaxObjectsInEditor:25165824]]
[2022.11.17-05.41.21:019][  0]LogConfig: Setting CVar [[gc.IncrementalBeginDestroyEnabled:1]]
[2022.11.17-05.41.21:019][  0]LogConfig: Setting CVar [[gc.CreateGCClusters:1]]
[2022.11.17-05.41.21:019][  0]LogConfig: Setting CVar [[gc.MinGCClusterSize:5]]
[2022.11.17-05.41.21:019][  0]LogConfig: Setting CVar [[gc.ActorClusteringEnabled:0]]
[2022.11.17-05.41.21:019][  0]LogConfig: Setting CVar [[gc.BlueprintClusteringEnabled:0]]
[2022.11.17-05.41.21:019][  0]LogConfig: Setting CVar [[gc.UseDisregardForGCOnDedicatedServers:0]]
[2022.11.17-05.41.21:019][  0]LogConfig: Setting CVar [[gc.MultithreadedDestructionEnabled:1]]
[2022.11.17-05.41.21:019][  0]LogConfig: Applying CVar settings from Section [/Script/Engine.NetworkSettings] File [E:/UIUC/CS 415/CS415_Final_Project/Final_Project/Saved/Config/Windows/Engine.ini]
[2022.11.17-05.41.21:019][  0]LogConfig: Applying CVar settings from Section [/Script/UnrealEd.CookerSettings] File [E:/UIUC/CS 415/CS415_Final_Project/Final_Project/Saved/Config/Windows/Engine.ini]
[2022.11.17-05.41.21:028][  0]LogConfig: Applying CVar settings from Section [ViewDistanceQuality@3] File [E:/UIUC/CS 415/CS415_Final_Project/Final_Project/Saved/Config/Windows/Scalability.ini]
[2022.11.17-05.41.21:028][  0]LogConfig: Setting CVar [[r.SkeletalMeshLODBias:0]]
[2022.11.17-05.41.21:028][  0]LogConfig: Setting CVar [[r.ViewDistanceScale:1.0]]
[2022.11.17-05.41.21:028][  0]LogConfig: Applying CVar settings from Section [AntiAliasingQuality@3] File [E:/UIUC/CS 415/CS415_Final_Project/Final_Project/Saved/Config/Windows/Scalability.ini]
[2022.11.17-05.41.21:028][  0]LogConfig: Setting CVar [[r.PostProcessAAQuality:4]]
[2022.11.17-05.41.21:028][  0]LogConfig: Applying CVar settings from Section [ShadowQuality@3] File [E:/UIUC/CS 415/CS415_Final_Project/Final_Project/Saved/Config/Windows/Scalability.ini]
[2022.11.17-05.41.21:028][  0]LogConfig: Setting CVar [[r.LightFunctionQuality:1]]
[2022.11.17-05.41.21:028][  0]LogConfig: Setting CVar [[r.ShadowQuality:5]]
[2022.11.17-05.41.21:028][  0]LogConfig: Setting CVar [[r.Shadow.CSM.MaxCascades:10]]
[2022.11.17-05.41.21:028][  0]LogConfig: Setting CVar [[r.Shadow.MaxResolution:2048]]
[2022.11.17-05.41.21:028][  0]LogConfig: Setting CVar [[r.Shadow.MaxCSMResolution:2048]]
[2022.11.17-05.41.21:028][  0]LogConfig: Setting CVar [[r.Shadow.RadiusThreshold:0.01]]
[2022.11.17-05.41.21:028][  0]LogConfig: Setting CVar [[r.Shadow.DistanceScale:1.0]]
[2022.11.17-05.41.21:028][  0]LogConfig: Setting CVar [[r.Shadow.CSM.TransitionScale:1.0]]
[2022.11.17-05.41.21:028][  0]LogConfig: Setting CVar [[r.Shadow.PreShadowResolutionFactor:1.0]]
[2022.11.17-05.41.21:028][  0]LogConfig: Setting CVar [[r.DistanceFieldShadowing:1]]
[2022.11.17-05.41.21:028][  0]LogConfig: Setting CVar [[r.DistanceFieldAO:1]]
[2022.11.17-05.41.21:028][  0]LogConfig: Setting CVar [[r.AOQuality:2]]
[2022.11.17-05.41.21:028][  0]LogConfig: Setting CVar [[r.VolumetricFog:1]]
[2022.11.17-05.41.21:028][  0]LogConfig: Setting CVar [[r.VolumetricFog.GridPixelSize:8]]
[2022.11.17-05.41.21:029][  0]LogConfig: Setting CVar [[r.VolumetricFog.GridSizeZ:128]]
[2022.11.17-05.41.21:029][  0]LogConfig: Setting CVar [[r.VolumetricFog.HistoryMissSupersampleCount:4]]
[2022.11.17-05.41.21:029][  0]LogConfig: Setting CVar [[r.LightMaxDrawDistanceScale:1]]
[2022.11.17-05.41.21:029][  0]LogConfig: Setting CVar [[r.CapsuleShadows:1]]
[2022.11.17-05.41.21:029][  0]LogConfig: Applying CVar settings from Section [PostProcessQuality@3] File [E:/UIUC/CS 415/CS415_Final_Project/Final_Project/Saved/Config/Windows/Scalability.ini]
[2022.11.17-05.41.21:029][  0]LogConfig: Setting CVar [[r.MotionBlurQuality:4]]
[2022.11.17-05.41.21:029][  0]LogConfig: Setting CVar [[r.AmbientOcclusionMipLevelFactor:0.4]]
[2022.11.17-05.41.21:029][  0]LogConfig: Setting CVar [[r.AmbientOcclusionMaxQuality:100]]
[2022.11.17-05.41.21:029][  0]LogConfig: Setting CVar [[r.AmbientOcclusionLevels:-1]]
[2022.11.17-05.41.21:029][  0]LogConfig: Setting CVar [[r.AmbientOcclusionRadiusScale:1.0]]
[2022.11.17-05.41.21:029][  0]LogConfig: Setting CVar [[r.DepthOfFieldQuality:2]]
[2022.11.17-05.41.21:029][  0]LogConfig: Setting CVar [[r.RenderTargetPoolMin:400]]
[2022.11.17-05.41.21:029][  0]LogConfig: Setting CVar [[r.LensFlareQuality:2]]
[2022.11.17-05.41.21:029][  0]LogConfig: Setting CVar [[r.SceneColorFringeQuality:1]]
[2022.11.17-05.41.21:029][  0]LogConfig: Setting CVar [[r.EyeAdaptationQuality:2]]
[2022.11.17-05.41.21:029][  0]LogConfig: Setting CVar [[r.BloomQuality:5]]
[2022.11.17-05.41.21:029][  0]LogConfig: Setting CVar [[r.FastBlurThreshold:100]]
[2022.11.17-05.41.21:029][  0]LogConfig: Setting CVar [[r.Upscale.Quality:3]]
[2022.11.17-05.41.21:029][  0]LogConfig: Setting CVar [[r.Tonemapper.GrainQuantization:1]]
[2022.11.17-05.41.21:029][  0]LogConfig: Setting CVar [[r.LightShaftQuality:1]]
[2022.11.17-05.41.21:029][  0]LogConfig: Setting CVar [[r.Filter.SizeScale:1]]
[2022.11.17-05.41.21:029][  0]LogConfig: Setting CVar [[r.Tonemapper.Quality:5]]
[2022.11.17-05.41.21:029][  0]LogConfig: Setting CVar [[r.DOF.Gather.AccumulatorQuality:1        ; higher gathering accumulator quality]]
[2022.11.17-05.41.21:029][  0]LogConfig: Setting CVar [[r.DOF.Gather.PostfilterMethod:1          ; Median3x3 postfilering method]]
[2022.11.17-05.41.21:029][  0]LogConfig: Setting CVar [[r.DOF.Gather.EnableBokehSettings:0       ; no bokeh simulation when gathering]]
[2022.11.17-05.41.21:029][  0]LogConfig: Setting CVar [[r.DOF.Gather.RingCount:4                 ; medium number of samples when gathering]]
[2022.11.17-05.41.21:029][  0]LogConfig: Setting CVar [[r.DOF.Scatter.ForegroundCompositing:1    ; additive foreground scattering]]
[2022.11.17-05.41.21:029][  0]LogConfig: Setting CVar [[r.DOF.Scatter.BackgroundCompositing:2    ; additive background scattering]]
[2022.11.17-05.41.21:029][  0]LogConfig: Setting CVar [[r.DOF.Scatter.EnableBokehSettings:1      ; bokeh simulation when scattering]]
[2022.11.17-05.41.21:029][  0]LogConfig: Setting CVar [[r.DOF.Scatter.MaxSpriteRatio:0.1         ; only a maximum of 10% of scattered bokeh]]
[2022.11.17-05.41.21:029][  0]LogConfig: Setting CVar [[r.DOF.Recombine.Quality:1                ; cheap slight out of focus]]
[2022.11.17-05.41.21:029][  0]LogConfig: Setting CVar [[r.DOF.Recombine.EnableBokehSettings:0    ; no bokeh simulation on slight out of focus]]
[2022.11.17-05.41.21:029][  0]LogConfig: Setting CVar [[r.DOF.TemporalAAQuality:1                ; more stable temporal accumulation]]
[2022.11.17-05.41.21:029][  0]LogConfig: Setting CVar [[r.DOF.Kernel.MaxForegroundRadius:0.025]]
[2022.11.17-05.41.21:029][  0]LogConfig: Setting CVar [[r.DOF.Kernel.MaxBackgroundRadius:0.025]]
[2022.11.17-05.41.21:029][  0]LogConfig: Applying CVar settings from Section [TextureQuality@3] File [E:/UIUC/CS 415/CS415_Final_Project/Final_Project/Saved/Config/Windows/Scalability.ini]
[2022.11.17-05.41.21:029][  0]LogConfig: Setting CVar [[r.Streaming.MipBias:0]]
[2022.11.17-05.41.21:029][  0]LogConfig: Setting CVar [[r.Streaming.AmortizeCPUToGPUCopy:0]]
[2022.11.17-05.41.21:029][  0]LogConfig: Setting CVar [[r.Streaming.MaxNumTexturesToStreamPerFrame:0]]
[2022.11.17-05.41.21:029][  0]LogConfig: Setting CVar [[r.Streaming.Boost:1]]
[2022.11.17-05.41.21:029][  0]LogConfig: Setting CVar [[r.MaxAnisotropy:8]]
[2022.11.17-05.41.21:029][  0]LogConfig: Setting CVar [[r.VT.MaxAnisotropy:8]]
[2022.11.17-05.41.21:029][  0]LogConfig: Setting CVar [[r.Streaming.LimitPoolSizeToVRAM:0]]
[2022.11.17-05.41.21:029][  0]LogConfig: Setting CVar [[r.Streaming.PoolSize:1000]]
[2022.11.17-05.41.21:029][  0]LogConfig: Setting CVar [[r.Streaming.MaxEffectiveScreenSize:0]]
[2022.11.17-05.41.21:029][  0]LogConfig: Applying CVar settings from Section [EffectsQuality@3] File [E:/UIUC/CS 415/CS415_Final_Project/Final_Project/Saved/Config/Windows/Scalability.ini]
[2022.11.17-05.41.21:029][  0]LogConfig: Setting CVar [[r.TranslucencyLightingVolumeDim:64]]
[2022.11.17-05.41.21:029][  0]LogConfig: Setting CVar [[r.RefractionQuality:2]]
[2022.11.17-05.41.21:029][  0]LogConfig: Setting CVar [[r.SSR.Quality:3]]
[2022.11.17-05.41.21:029][  0]LogConfig: Setting CVar [[r.SSR.HalfResSceneColor:0]]
[2022.11.17-05.41.21:029][  0]LogConfig: Setting CVar [[r.SceneColorFormat:4]]
[2022.11.17-05.41.21:029][  0]LogConfig: Setting CVar [[r.DetailMode:2]]
[2022.11.17-05.41.21:029][  0]LogConfig: Setting CVar [[r.TranslucencyVolumeBlur:1]]
[2022.11.17-05.41.21:029][  0]LogConfig: Setting CVar [[r.MaterialQualityLevel:1 ; High quality]]
[2022.11.17-05.41.21:029][  0]LogConfig: Setting CVar [[r.AnisotropicMaterials:1]]
[2022.11.17-05.41.21:029][  0]LogConfig: Setting CVar [[r.SSS.Scale:1]]
[2022.11.17-05.41.21:029][  0]LogConfig: Setting CVar [[r.SSS.SampleSet:2]]
[2022.11.17-05.41.21:029][  0]LogConfig: Setting CVar [[r.SSS.Quality:1]]
[2022.11.17-05.41.21:029][  0]LogConfig: Setting CVar [[r.SSS.HalfRes:0]]
[2022.11.17-05.41.21:029][  0]LogConfig: Setting CVar [[r.SSGI.Quality:3]]
[2022.11.17-05.41.21:029][  0]LogConfig: Setting CVar [[r.EmitterSpawnRateScale:1.0]]
[2022.11.17-05.41.21:029][  0]LogConfig: Setting CVar [[r.ParticleLightQuality:2]]
[2022.11.17-05.41.21:029][  0]LogConfig: Setting CVar [[r.SkyAtmosphere.AerialPerspectiveLUT.FastApplyOnOpaque:1 ; Always have FastSkyLUT 1 in this case to avoid wrong sky]]
[2022.11.17-05.41.21:029][  0]LogConfig: Setting CVar [[r.SkyAtmosphere.AerialPerspectiveLUT.SampleCountMaxPerSlice:4]]
[2022.11.17-05.41.21:029][  0]LogConfig: Setting CVar [[r.SkyAtmosphere.AerialPerspectiveLUT.DepthResolution:16.0]]
[2022.11.17-05.41.21:029][  0]LogConfig: Setting CVar [[r.SkyAtmosphere.FastSkyLUT:1]]
[2022.11.17-05.41.21:029][  0]LogConfig: Setting CVar [[r.SkyAtmosphere.FastSkyLUT.SampleCountMin:4.0]]
[2022.11.17-05.41.21:029][  0]LogConfig: Setting CVar [[r.SkyAtmosphere.FastSkyLUT.SampleCountMax:128.0]]
[2022.11.17-05.41.21:029][  0]LogConfig: Setting CVar [[r.SkyAtmosphere.SampleCountMin:4.0]]
[2022.11.17-05.41.21:029][  0]LogConfig: Setting CVar [[r.SkyAtmosphere.SampleCountMax:128.0]]
[2022.11.17-05.41.21:029][  0]LogConfig: Setting CVar [[r.SkyAtmosphere.TransmittanceLUT.UseSmallFormat:0]]
[2022.11.17-05.41.21:029][  0]LogConfig: Setting CVar [[r.SkyAtmosphere.TransmittanceLUT.SampleCount:10.0]]
[2022.11.17-05.41.21:029][  0]LogConfig: Setting CVar [[r.SkyAtmosphere.MultiScatteringLUT.SampleCount:15.0]]
[2022.11.17-05.41.21:029][  0]LogConfig: Setting CVar [[r.SkyLight.RealTimeReflectionCapture:1]]
[2022.11.17-05.41.21:029][  0]LogConfig: Applying CVar settings from Section [FoliageQuality@3] File [E:/UIUC/CS 415/CS415_Final_Project/Final_Project/Saved/Config/Windows/Scalability.ini]
[2022.11.17-05.41.21:029][  0]LogConfig: Setting CVar [[foliage.DensityScale:1.0]]
[2022.11.17-05.41.21:029][  0]LogConfig: Setting CVar [[grass.DensityScale:1.0]]
[2022.11.17-05.41.21:029][  0]LogConfig: Applying CVar settings from Section [ShadingQuality@3] File [E:/UIUC/CS 415/CS415_Final_Project/Final_Project/Saved/Config/Windows/Scalability.ini]
[2022.11.17-05.41.21:029][  0]LogConfig: Setting CVar [[r.HairStrands.SkyLighting.IntegrationType:2]]
[2022.11.17-05.41.21:029][  0]LogConfig: Setting CVar [[r.HairStrands.SkyAO.SampleCount:4]]
[2022.11.17-05.41.21:029][  0]LogConfig: Setting CVar [[r.HairStrands.Visibility.MSAA.SamplePerPixel:4]]
[2022.11.17-05.41.21:030][  0]LogInit: Selected Device Profile: [Windows]
[2022.11.17-05.41.21:030][  0]LogInit: Applying CVar settings loaded from the selected device profile: [Windows]
[2022.11.17-05.41.21:030][  0]LogHAL: Display: Platform has ~ 32 GB [34230800384 / 34359738368 / 32], which maps to Largest [LargestMinGB=32, LargerMinGB=12, DefaultMinGB=8, SmallerMinGB=6, SmallestMinGB=0)
[2022.11.17-05.41.21:030][  0]LogInit: Going up to parent DeviceProfile []
[2022.11.17-05.41.21:030][  0]LogConfig: Applying CVar settings from Section [ViewDistanceQuality@3] File [E:/UIUC/CS 415/CS415_Final_Project/Final_Project/Saved/Config/Windows/Scalability.ini]
[2022.11.17-05.41.21:030][  0]LogConfig: Setting CVar [[r.SkeletalMeshLODBias:0]]
[2022.11.17-05.41.21:030][  0]LogConfig: Setting CVar [[r.ViewDistanceScale:1.0]]
[2022.11.17-05.41.21:030][  0]LogConfig: Applying CVar settings from Section [AntiAliasingQuality@3] File [E:/UIUC/CS 415/CS415_Final_Project/Final_Project/Saved/Config/Windows/Scalability.ini]
[2022.11.17-05.41.21:030][  0]LogConfig: Setting CVar [[r.PostProcessAAQuality:4]]
[2022.11.17-05.41.21:030][  0]LogConfig: Applying CVar settings from Section [ShadowQuality@3] File [E:/UIUC/CS 415/CS415_Final_Project/Final_Project/Saved/Config/Windows/Scalability.ini]
[2022.11.17-05.41.21:030][  0]LogConfig: Setting CVar [[r.LightFunctionQuality:1]]
[2022.11.17-05.41.21:030][  0]LogConfig: Setting CVar [[r.ShadowQuality:5]]
[2022.11.17-05.41.21:030][  0]LogConfig: Setting CVar [[r.Shadow.CSM.MaxCascades:10]]
[2022.11.17-05.41.21:030][  0]LogConfig: Setting CVar [[r.Shadow.MaxResolution:2048]]
[2022.11.17-05.41.21:030][  0]LogConfig: Setting CVar [[r.Shadow.MaxCSMResolution:2048]]
[2022.11.17-05.41.21:030][  0]LogConfig: Setting CVar [[r.Shadow.RadiusThreshold:0.01]]
[2022.11.17-05.41.21:030][  0]LogConfig: Setting CVar [[r.Shadow.DistanceScale:1.0]]
[2022.11.17-05.41.21:030][  0]LogConfig: Setting CVar [[r.Shadow.CSM.TransitionScale:1.0]]
[2022.11.17-05.41.21:030][  0]LogConfig: Setting CVar [[r.Shadow.PreShadowResolutionFactor:1.0]]
[2022.11.17-05.41.21:030][  0]LogConfig: Setting CVar [[r.DistanceFieldShadowing:1]]
[2022.11.17-05.41.21:030][  0]LogConfig: Setting CVar [[r.DistanceFieldAO:1]]
[2022.11.17-05.41.21:030][  0]LogConfig: Setting CVar [[r.AOQuality:2]]
[2022.11.17-05.41.21:030][  0]LogConfig: Setting CVar [[r.VolumetricFog:1]]
[2022.11.17-05.41.21:030][  0]LogConfig: Setting CVar [[r.VolumetricFog.GridPixelSize:8]]
[2022.11.17-05.41.21:030][  0]LogConfig: Setting CVar [[r.VolumetricFog.GridSizeZ:128]]
[2022.11.17-05.41.21:030][  0]LogConfig: Setting CVar [[r.VolumetricFog.HistoryMissSupersampleCount:4]]
[2022.11.17-05.41.21:030][  0]LogConfig: Setting CVar [[r.LightMaxDrawDistanceScale:1]]
[2022.11.17-05.41.21:030][  0]LogConfig: Setting CVar [[r.CapsuleShadows:1]]
[2022.11.17-05.41.21:030][  0]LogConfig: Applying CVar settings from Section [PostProcessQuality@3] File [E:/UIUC/CS 415/CS415_Final_Project/Final_Project/Saved/Config/Windows/Scalability.ini]
[2022.11.17-05.41.21:030][  0]LogConfig: Setting CVar [[r.MotionBlurQuality:4]]
[2022.11.17-05.41.21:030][  0]LogConfig: Setting CVar [[r.AmbientOcclusionMipLevelFactor:0.4]]
[2022.11.17-05.41.21:030][  0]LogConfig: Setting CVar [[r.AmbientOcclusionMaxQuality:100]]
[2022.11.17-05.41.21:030][  0]LogConfig: Setting CVar [[r.AmbientOcclusionLevels:-1]]
[2022.11.17-05.41.21:030][  0]LogConfig: Setting CVar [[r.AmbientOcclusionRadiusScale:1.0]]
[2022.11.17-05.41.21:030][  0]LogConfig: Setting CVar [[r.DepthOfFieldQuality:2]]
[2022.11.17-05.41.21:030][  0]LogConfig: Setting CVar [[r.RenderTargetPoolMin:400]]
[2022.11.17-05.41.21:030][  0]LogConfig: Setting CVar [[r.LensFlareQuality:2]]
[2022.11.17-05.41.21:030][  0]LogConfig: Setting CVar [[r.SceneColorFringeQuality:1]]
[2022.11.17-05.41.21:030][  0]LogConfig: Setting CVar [[r.EyeAdaptationQuality:2]]
[2022.11.17-05.41.21:030][  0]LogConfig: Setting CVar [[r.BloomQuality:5]]
[2022.11.17-05.41.21:030][  0]LogConfig: Setting CVar [[r.FastBlurThreshold:100]]
[2022.11.17-05.41.21:030][  0]LogConfig: Setting CVar [[r.Upscale.Quality:3]]
[2022.11.17-05.41.21:030][  0]LogConfig: Setting CVar [[r.Tonemapper.GrainQuantization:1]]
[2022.11.17-05.41.21:030][  0]LogConfig: Setting CVar [[r.LightShaftQuality:1]]
[2022.11.17-05.41.21:030][  0]LogConfig: Setting CVar [[r.Filter.SizeScale:1]]
[2022.11.17-05.41.21:030][  0]LogConfig: Setting CVar [[r.Tonemapper.Quality:5]]
[2022.11.17-05.41.21:030][  0]LogConfig: Setting CVar [[r.DOF.Gather.AccumulatorQuality:1        ; higher gathering accumulator quality]]
[2022.11.17-05.41.21:030][  0]LogConfig: Setting CVar [[r.DOF.Gather.PostfilterMethod:1          ; Median3x3 postfilering method]]
[2022.11.17-05.41.21:030][  0]LogConfig: Setting CVar [[r.DOF.Gather.EnableBokehSettings:0       ; no bokeh simulation when gathering]]
[2022.11.17-05.41.21:030][  0]LogConfig: Setting CVar [[r.DOF.Gather.RingCount:4                 ; medium number of samples when gathering]]
[2022.11.17-05.41.21:030][  0]LogConfig: Setting CVar [[r.DOF.Scatter.ForegroundCompositing:1    ; additive foreground scattering]]
[2022.11.17-05.41.21:030][  0]LogConfig: Setting CVar [[r.DOF.Scatter.BackgroundCompositing:2    ; additive background scattering]]
[2022.11.17-05.41.21:030][  0]LogConfig: Setting CVar [[r.DOF.Scatter.EnableBokehSettings:1      ; bokeh simulation when scattering]]
[2022.11.17-05.41.21:030][  0]LogConfig: Setting CVar [[r.DOF.Scatter.MaxSpriteRatio:0.1         ; only a maximum of 10% of scattered bokeh]]
[2022.11.17-05.41.21:030][  0]LogConfig: Setting CVar [[r.DOF.Recombine.Quality:1                ; cheap slight out of focus]]
[2022.11.17-05.41.21:030][  0]LogConfig: Setting CVar [[r.DOF.Recombine.EnableBokehSettings:0    ; no bokeh simulation on slight out of focus]]
[2022.11.17-05.41.21:030][  0]LogConfig: Setting CVar [[r.DOF.TemporalAAQuality:1                ; more stable temporal accumulation]]
[2022.11.17-05.41.21:030][  0]LogConfig: Setting CVar [[r.DOF.Kernel.MaxForegroundRadius:0.025]]
[2022.11.17-05.41.21:030][  0]LogConfig: Setting CVar [[r.DOF.Kernel.MaxBackgroundRadius:0.025]]
[2022.11.17-05.41.21:030][  0]LogConfig: Applying CVar settings from Section [TextureQuality@3] File [E:/UIUC/CS 415/CS415_Final_Project/Final_Project/Saved/Config/Windows/Scalability.ini]
[2022.11.17-05.41.21:030][  0]LogConfig: Setting CVar [[r.Streaming.MipBias:0]]
[2022.11.17-05.41.21:030][  0]LogConfig: Setting CVar [[r.Streaming.AmortizeCPUToGPUCopy:0]]
[2022.11.17-05.41.21:030][  0]LogConfig: Setting CVar [[r.Streaming.MaxNumTexturesToStreamPerFrame:0]]
[2022.11.17-05.41.21:030][  0]LogConfig: Setting CVar [[r.Streaming.Boost:1]]
[2022.11.17-05.41.21:030][  0]LogConfig: Setting CVar [[r.MaxAnisotropy:8]]
[2022.11.17-05.41.21:030][  0]LogConfig: Setting CVar [[r.VT.MaxAnisotropy:8]]
[2022.11.17-05.41.21:030][  0]LogConfig: Setting CVar [[r.Streaming.LimitPoolSizeToVRAM:0]]
[2022.11.17-05.41.21:030][  0]LogConfig: Setting CVar [[r.Streaming.PoolSize:1000]]
[2022.11.17-05.41.21:030][  0]LogConfig: Setting CVar [[r.Streaming.MaxEffectiveScreenSize:0]]
[2022.11.17-05.41.21:030][  0]LogConfig: Applying CVar settings from Section [EffectsQuality@3] File [E:/UIUC/CS 415/CS415_Final_Project/Final_Project/Saved/Config/Windows/Scalability.ini]
[2022.11.17-05.41.21:030][  0]LogConfig: Setting CVar [[r.TranslucencyLightingVolumeDim:64]]
[2022.11.17-05.41.21:030][  0]LogConfig: Setting CVar [[r.RefractionQuality:2]]
[2022.11.17-05.41.21:031][  0]LogConfig: Setting CVar [[r.SSR.Quality:3]]
[2022.11.17-05.41.21:031][  0]LogConfig: Setting CVar [[r.SSR.HalfResSceneColor:0]]
[2022.11.17-05.41.21:031][  0]LogConfig: Setting CVar [[r.SceneColorFormat:4]]
[2022.11.17-05.41.21:031][  0]LogConfig: Setting CVar [[r.DetailMode:2]]
[2022.11.17-05.41.21:031][  0]LogConfig: Setting CVar [[r.TranslucencyVolumeBlur:1]]
[2022.11.17-05.41.21:031][  0]LogConfig: Setting CVar [[r.MaterialQualityLevel:1 ; High quality]]
[2022.11.17-05.41.21:031][  0]LogConfig: Setting CVar [[r.AnisotropicMaterials:1]]
[2022.11.17-05.41.21:031][  0]LogConfig: Setting CVar [[r.SSS.Scale:1]]
[2022.11.17-05.41.21:031][  0]LogConfig: Setting CVar [[r.SSS.SampleSet:2]]
[2022.11.17-05.41.21:031][  0]LogConfig: Setting CVar [[r.SSS.Quality:1]]
[2022.11.17-05.41.21:031][  0]LogConfig: Setting CVar [[r.SSS.HalfRes:0]]
[2022.11.17-05.41.21:031][  0]LogConfig: Setting CVar [[r.SSGI.Quality:3]]
[2022.11.17-05.41.21:031][  0]LogConfig: Setting CVar [[r.EmitterSpawnRateScale:1.0]]
[2022.11.17-05.41.21:031][  0]LogConfig: Setting CVar [[r.ParticleLightQuality:2]]
[2022.11.17-05.41.21:031][  0]LogConfig: Setting CVar [[r.SkyAtmosphere.AerialPerspectiveLUT.FastApplyOnOpaque:1 ; Always have FastSkyLUT 1 in this case to avoid wrong sky]]
[2022.11.17-05.41.21:031][  0]LogConfig: Setting CVar [[r.SkyAtmosphere.AerialPerspectiveLUT.SampleCountMaxPerSlice:4]]
[2022.11.17-05.41.21:031][  0]LogConfig: Setting CVar [[r.SkyAtmosphere.AerialPerspectiveLUT.DepthResolution:16.0]]
[2022.11.17-05.41.21:031][  0]LogConfig: Setting CVar [[r.SkyAtmosphere.FastSkyLUT:1]]
[2022.11.17-05.41.21:031][  0]LogConfig: Setting CVar [[r.SkyAtmosphere.FastSkyLUT.SampleCountMin:4.0]]
[2022.11.17-05.41.21:031][  0]LogConfig: Setting CVar [[r.SkyAtmosphere.FastSkyLUT.SampleCountMax:128.0]]
[2022.11.17-05.41.21:031][  0]LogConfig: Setting CVar [[r.SkyAtmosphere.SampleCountMin:4.0]]
[2022.11.17-05.41.21:031][  0]LogConfig: Setting CVar [[r.SkyAtmosphere.SampleCountMax:128.0]]
[2022.11.17-05.41.21:031][  0]LogConfig: Setting CVar [[r.SkyAtmosphere.TransmittanceLUT.UseSmallFormat:0]]
[2022.11.17-05.41.21:031][  0]LogConfig: Setting CVar [[r.SkyAtmosphere.TransmittanceLUT.SampleCount:10.0]]
[2022.11.17-05.41.21:031][  0]LogConfig: Setting CVar [[r.SkyAtmosphere.MultiScatteringLUT.SampleCount:15.0]]
[2022.11.17-05.41.21:031][  0]LogConfig: Setting CVar [[r.SkyLight.RealTimeReflectionCapture:1]]
[2022.11.17-05.41.21:031][  0]LogConfig: Applying CVar settings from Section [FoliageQuality@3] File [E:/UIUC/CS 415/CS415_Final_Project/Final_Project/Saved/Config/Windows/Scalability.ini]
[2022.11.17-05.41.21:031][  0]LogConfig: Setting CVar [[foliage.DensityScale:1.0]]
[2022.11.17-05.41.21:031][  0]LogConfig: Setting CVar [[grass.DensityScale:1.0]]
[2022.11.17-05.41.21:031][  0]LogConfig: Applying CVar settings from Section [ShadingQuality@3] File [E:/UIUC/CS 415/CS415_Final_Project/Final_Project/Saved/Config/Windows/Scalability.ini]
[2022.11.17-05.41.21:031][  0]LogConfig: Setting CVar [[r.HairStrands.SkyLighting.IntegrationType:2]]
[2022.11.17-05.41.21:031][  0]LogConfig: Setting CVar [[r.HairStrands.SkyAO.SampleCount:4]]
[2022.11.17-05.41.21:031][  0]LogConfig: Setting CVar [[r.HairStrands.Visibility.MSAA.SamplePerPixel:4]]
[2022.11.17-05.41.21:031][  0]LogConfig: Applying CVar settings from Section [Startup] File [../../../Engine/Config/ConsoleVariables.ini]
[2022.11.17-05.41.21:032][  0]LogConfig: Setting CVar [[net.UseAdaptiveNetUpdateFrequency:0]]
[2022.11.17-05.41.21:032][  0]LogConfig: Setting CVar [[p.chaos.AllowCreatePhysxBodies:1]]
[2022.11.17-05.41.21:032][  0]LogConfig: Setting CVar [[fx.SkipVectorVMBackendOptimizations:1]]
[2022.11.17-05.41.21:032][  0]LogConfig: Applying CVar settings from Section [ConsoleVariables] File [E:/UIUC/CS 415/CS415_Final_Project/Final_Project/Saved/Config/Windows/Engine.ini]
[2022.11.17-05.41.21:032][  0]LogConfig: Applying CVar settings from Section [ConsoleVariables] File [E:/UIUC/CS 415/CS415_Final_Project/Final_Project/Saved/Config/Windows/Editor.ini]
[2022.11.17-05.41.21:032][  0]LogInit: Computer: LAPTOP-Q3U7U206
[2022.11.17-05.41.21:032][  0]LogInit: User: HP
[2022.11.17-05.41.21:032][  0]LogInit: CPU Page size=4096, Cores=6
[2022.11.17-05.41.21:032][  0]LogInit: High frequency timer resolution =10.000000 MHz
[2022.11.17-05.41.21:032][  0]LogMemory: Memory total: Physical=31.9GB (32GB approx)
[2022.11.17-05.41.21:032][  0]LogMemory: Platform Memory Stats for Windows
[2022.11.17-05.41.21:032][  0]LogMemory: Process Physical Memory: 144.53 MB used, 144.53 MB peak
[2022.11.17-05.41.21:032][  0]LogMemory: Process Virtual Memory: 129.87 MB used, 129.87 MB peak
[2022.11.17-05.41.21:032][  0]LogMemory: Physical Memory: 11833.98 MB used,  20811.06 MB free, 32645.04 MB total
[2022.11.17-05.41.21:032][  0]LogMemory: Virtual Memory: 134195968.00 MB used,  21761.93 MB free, 134217728.00 MB total
[2022.11.17-05.41.21:038][  0]LogWindows: WindowsPlatformFeatures enabled
[2022.11.17-05.41.21:080][  0]LogInit: Physics initialised using underlying interface: PhysX
[2022.11.17-05.41.21:081][  0]LogInit: Overriding language with editor language configuration option (en).
[2022.11.17-05.41.21:081][  0]LogInit: Overriding language with editor locale configuration option (en-AS).
[2022.11.17-05.41.21:336][  0]LogInit: Setting process to per monitor DPI aware
[2022.11.17-05.41.21:354][  0]LogWindowsTextInputMethodSystem: Display: IME system deactivated.
[2022.11.17-05.41.21:378][  0]LogSlate: New Slate User Created.  User Index 0, Is Virtual User: 0
[2022.11.17-05.41.21:378][  0]LogSlate: Slate User Registered.  User Index 0, Is Virtual User: 0
[2022.11.17-05.41.23:711][  0]LogD3D11RHI: Loaded GFSDK_Aftermath_Lib.x64.dll
[2022.11.17-05.41.23:714][  0]LogHMD: Failed to initialize OpenVR with code 110
[2022.11.17-05.41.23:714][  0]LogD3D11RHI: D3D11 min allowed feature level: 11_0
[2022.11.17-05.41.23:714][  0]LogD3D11RHI: D3D11 max allowed feature level: 11_0
[2022.11.17-05.41.23:714][  0]LogD3D11RHI: D3D11 adapters:
[2022.11.17-05.41.23:851][  0]LogD3D11RHI:    0. 'NVIDIA GeForce RTX 2070' (Feature Level 11_0)
[2022.11.17-05.41.23:851][  0]LogD3D11RHI:       8031/0/16322 MB DedicatedVideo/DedicatedSystem/SharedSystem, Outputs:1, VendorId:0x10de
[2022.11.17-05.41.23:854][  0]LogD3D11RHI:    1. 'Microsoft Basic Render Driver' (Feature Level 11_0)
[2022.11.17-05.41.23:854][  0]LogD3D11RHI:       0/0/16322 MB DedicatedVideo/DedicatedSystem/SharedSystem, Outputs:0, VendorId:0x1414
[2022.11.17-05.41.23:854][  0]LogD3D11RHI: Chosen D3D11 Adapter:
[2022.11.17-05.41.23:854][  0]LogD3D11RHI:     Description : NVIDIA GeForce RTX 2070
[2022.11.17-05.41.23:854][  0]LogD3D11RHI:     VendorId    : 10de
[2022.11.17-05.41.23:854][  0]LogD3D11RHI:     DeviceId    : 1f50
[2022.11.17-05.41.23:854][  0]LogD3D11RHI:     SubSysId    : 8603103c
[2022.11.17-05.41.23:854][  0]LogD3D11RHI:     Revision    : 00a1
[2022.11.17-05.41.23:854][  0]LogD3D11RHI:     DedicatedVideoMemory : 8421113856 bytes
[2022.11.17-05.41.23:854][  0]LogD3D11RHI:     DedicatedSystemMemory : 0 bytes
[2022.11.17-05.41.23:854][  0]LogD3D11RHI:     SharedSystemMemory : 17115400192 bytes
[2022.11.17-05.41.23:854][  0]LogD3D11RHI:     AdapterLuid : 0 71677
[2022.11.17-05.41.23:860][  0]LogD3D11RHI: Creating new Direct3DDevice
[2022.11.17-05.41.23:860][  0]LogD3D11RHI:     GPU DeviceId: 0x1f50 (for the marketing name, search the web for "GPU Device Id")
[2022.11.17-05.41.23:860][  0]LogWindows: EnumDisplayDevices:
[2022.11.17-05.41.23:861][  0]LogWindows:    0. 'NVIDIA GeForce RTX 2070' (P:1 D:1)
[2022.11.17-05.41.23:861][  0]LogWindows:    1. 'NVIDIA GeForce RTX 2070' (P:0 D:0)
[2022.11.17-05.41.23:861][  0]LogWindows:    2. 'NVIDIA GeForce RTX 2070' (P:0 D:0)
[2022.11.17-05.41.23:861][  0]LogWindows:    3. 'NVIDIA GeForce RTX 2070' (P:0 D:0)
[2022.11.17-05.41.23:862][  0]LogWindows: DebugString: FoundDriverCount:4 
[2022.11.17-05.41.23:862][  0]LogD3D11RHI:     Adapter Name: NVIDIA GeForce RTX 2070
[2022.11.17-05.41.23:862][  0]LogD3D11RHI:   Driver Version: 512.78 (internal:30.0.15.1278, unified:512.78)
[2022.11.17-05.41.23:862][  0]LogD3D11RHI:      Driver Date: 5-5-2022
[2022.11.17-05.41.23:862][  0]LogRHI: Texture pool is 5621 MB (70% of 8031 MB)
[2022.11.17-05.41.23:862][  0]LogD3D11RHI: Creating D3DDevice using adapter:
[2022.11.17-05.41.23:862][  0]LogD3D11RHI:     Description : NVIDIA GeForce RTX 2070
[2022.11.17-05.41.23:862][  0]LogD3D11RHI:     VendorId    : 10de
[2022.11.17-05.41.23:862][  0]LogD3D11RHI:     DeviceId    : 1f50
[2022.11.17-05.41.23:862][  0]LogD3D11RHI:     SubSysId    : 8603103c
[2022.11.17-05.41.23:862][  0]LogD3D11RHI:     Revision    : 00a1
[2022.11.17-05.41.23:862][  0]LogD3D11RHI:     DedicatedVideoMemory : 8421113856 bytes
[2022.11.17-05.41.23:862][  0]LogD3D11RHI:     DedicatedSystemMemory : 0 bytes
[2022.11.17-05.41.23:862][  0]LogD3D11RHI:     SharedSystemMemory : 17115400192 bytes
[2022.11.17-05.41.23:862][  0]LogD3D11RHI:     AdapterLuid : 0 71677
[2022.11.17-05.41.23:935][  0]LogD3D11RHI: RHI has support for 64 bit atomics
[2022.11.17-05.41.23:936][  0]LogD3D11RHI: Async texture creation enabled
[2022.11.17-05.41.23:936][  0]LogD3D11RHI: Array index from any shader is supported
[2022.11.17-05.41.23:958][  0]LogD3D11RHI: GPU Timing Frequency: 1000.000000 (Debug: 2 2)
[2022.11.17-05.41.24:004][  0]LogRHI: GeForceNow SDK initialized: 1
[2022.11.17-05.41.24:390][  0]LogTargetPlatformManager: Display: Loaded TargetPlatform 'AllDesktop'
[2022.11.17-05.41.24:416][  0]LogTargetPlatformManager: Display: Loaded TargetPlatform 'Android'
[2022.11.17-05.41.24:416][  0]LogTargetPlatformManager: Display: Loaded TargetPlatform 'Android_ASTC'
[2022.11.17-05.41.24:416][  0]LogTargetPlatformManager: Display: Loaded TargetPlatform 'Android_DXT'
[2022.11.17-05.41.24:416][  0]LogTargetPlatformManager: Display: Loaded TargetPlatform 'Android_ETC2'
[2022.11.17-05.41.24:416][  0]LogTargetPlatformManager: Display: Loaded TargetPlatform 'AndroidClient'
[2022.11.17-05.41.24:416][  0]LogTargetPlatformManager: Display: Loaded TargetPlatform 'Android_ASTCClient'
[2022.11.17-05.41.24:416][  0]LogTargetPlatformManager: Display: Loaded TargetPlatform 'Android_DXTClient'
[2022.11.17-05.41.24:416][  0]LogTargetPlatformManager: Display: Loaded TargetPlatform 'Android_ETC2Client'
[2022.11.17-05.41.24:416][  0]LogTargetPlatformManager: Display: Loaded TargetPlatform 'Android_Multi'
[2022.11.17-05.41.24:416][  0]LogTargetPlatformManager: Display: Loaded TargetPlatform 'Android_MultiClient'
[2022.11.17-05.41.24:436][  0]LogTargetPlatformManager: Display: Loaded TargetPlatform 'IOSClient'
[2022.11.17-05.41.24:436][  0]LogTargetPlatformManager: Display: Loaded TargetPlatform 'IOS'
[2022.11.17-05.41.24:448][  0]LogTargetPlatformManager: Display: Loaded TargetPlatform 'Linux'
[2022.11.17-05.41.24:453][  0]LogTargetPlatformManager: Display: Loaded TargetPlatform 'LinuxNoEditor'
[2022.11.17-05.41.24:458][  0]LogTargetPlatformManager: Display: Loaded TargetPlatform 'LinuxClient'
[2022.11.17-05.41.24:463][  0]LogTargetPlatformManager: Display: Loaded TargetPlatform 'LinuxServer'
[2022.11.17-05.41.24:474][  0]LogTargetPlatformManager: Display: Loaded TargetPlatform 'LinuxAArch64NoEditor'
[2022.11.17-05.41.24:479][  0]LogTargetPlatformManager: Display: Loaded TargetPlatform 'LinuxAArch64Client'
[2022.11.17-05.41.24:484][  0]LogTargetPlatformManager: Display: Loaded TargetPlatform 'LinuxAArch64Server'
[2022.11.17-05.41.24:513][  0]LogTargetPlatformManager: Display: Loaded TargetPlatform 'Lumin'
[2022.11.17-05.41.24:513][  0]LogTargetPlatformManager: Display: Loaded TargetPlatform 'LuminClient'
[2022.11.17-05.41.24:523][  0]LogTargetPlatformManager: Display: Loaded TargetPlatform 'MacNoEditor'
[2022.11.17-05.41.24:528][  0]LogTargetPlatformManager: Display: Loaded TargetPlatform 'Mac'
[2022.11.17-05.41.24:533][  0]LogTargetPlatformManager: Display: Loaded TargetPlatform 'MacClient'
[2022.11.17-05.41.24:537][  0]LogTargetPlatformManager: Display: Loaded TargetPlatform 'MacServer'
[2022.11.17-05.41.24:549][  0]LogTargetPlatformManager: Display: Loaded TargetPlatform 'TVOSClient'
[2022.11.17-05.41.24:549][  0]LogTargetPlatformManager: Display: Loaded TargetPlatform 'TVOS'
[2022.11.17-05.41.24:560][  0]LogTargetPlatformManager: Display: Loaded TargetPlatform 'WindowsNoEditor'
[2022.11.17-05.41.24:565][  0]LogTargetPlatformManager: Display: Loaded TargetPlatform 'Windows'
[2022.11.17-05.41.24:570][  0]LogTargetPlatformManager: Display: Loaded TargetPlatform 'WindowsClient'
[2022.11.17-05.41.24:575][  0]LogTargetPlatformManager: Display: Loaded TargetPlatform 'WindowsServer'
[2022.11.17-05.41.24:575][  0]LogTargetPlatformManager: Display: Building Assets For Windows
[2022.11.17-05.41.24:582][  0]LogAudioDebug: Display: Lib vorbis DLL was dynamically loaded.
[2022.11.17-05.41.24:616][  0]LogTextureFormatOodle: Display: Oodle Texture 2.9.0 init RDO Off
[2022.11.17-05.41.24:649][  0]LogRendererCore: Ray tracing is disabled. Reason: r.RayTracing=0.
[2022.11.17-05.41.24:650][  0]LogShaderCompilers: Guid format shader working directory is -6 characters bigger than the processId version (E:/UIUC/CS 415/CS415_Final_Project/Final_Project/Intermediate/Shaders/WorkingDirectory/18716/).
[2022.11.17-05.41.24:650][  0]LogShaderCompilers: Cleaned the shader compiler working directory 'C:/Users/HP/AppData/Local/Temp/UnrealShaderWorkingDir/58DF96A2498522D94AB6058D97A0915E/'.
[2022.11.17-05.41.24:650][  0]LogXGEController: Cannot use XGE Controller as Incredibuild is not installed on this machine.
[2022.11.17-05.41.24:650][  0]LogShaderCompilers: Cannot use XGE Shader Compiler as Incredibuild is not installed on this machine.
[2022.11.17-05.41.24:650][  0]LogShaderCompilers: Display: Using Local Shader Compiler.
[2022.11.17-05.41.27:591][  0]LogDerivedDataCache: Display: Max Cache Size: 512 MB
[2022.11.17-05.41.27:652][  0]LogDerivedDataCache: Loaded boot cache 0.06s 94MB C:/Users/HP/AppData/Local/UnrealEngine/4.27/DerivedDataCache/Boot.ddc.
[2022.11.17-05.41.27:652][  0]LogDerivedDataCache: Display: Loaded Boot cache: C:/Users/HP/AppData/Local/UnrealEngine/4.27/DerivedDataCache/Boot.ddc
[2022.11.17-05.41.27:652][  0]LogDerivedDataCache: FDerivedDataBackendGraph:  Pak pak cache file E:/UIUC/CS 415/CS415_Final_Project/Final_Project/DerivedDataCache/DDC.ddp not found, will not use a pak cache.
[2022.11.17-05.41.27:652][  0]LogDerivedDataCache: Unable to find inner node Pak for hierarchical cache Hierarchy.
[2022.11.17-05.41.27:652][  0]LogDerivedDataCache: FDerivedDataBackendGraph:  CompressedPak pak cache file E:/UIUC/CS 415/CS415_Final_Project/Final_Project/DerivedDataCache/Compressed.ddp not found, will not use a pak cache.
[2022.11.17-05.41.27:652][  0]LogDerivedDataCache: Unable to find inner node CompressedPak for hierarchical cache Hierarchy.
[2022.11.17-05.41.27:676][  0]LogDerivedDataCache: Display: Pak cache opened for reading ../../../Engine/DerivedDataCache/Compressed.ddp.
[2022.11.17-05.41.27:676][  0]LogDerivedDataCache: FDerivedDataBackendGraph:  EnterprisePak pak cache file ../../../Enterprise/DerivedDataCache/Compressed.ddp not found, will not use a pak cache.
[2022.11.17-05.41.27:676][  0]LogDerivedDataCache: Unable to find inner node EnterprisePak for hierarchical cache Hierarchy.
[2022.11.17-05.41.27:686][  0]LogDerivedDataCache: Speed tests for C:/Users/HP/AppData/Local/UnrealEngine/Common/DerivedDataCache took 0.01 seconds
[2022.11.17-05.41.27:686][  0]LogDerivedDataCache: Display: Performance to C:/Users/HP/AppData/Local/UnrealEngine/Common/DerivedDataCache: Latency=0.03ms. RandomReadSpeed=202.80MBs, RandomWriteSpeed=212.55MBs. Assigned SpeedClass 'Local'
[2022.11.17-05.41.27:686][  0]LogDerivedDataCache: Using Local data cache path C:/Users/HP/AppData/Local/UnrealEngine/Common/DerivedDataCache: Writable
[2022.11.17-05.41.27:686][  0]LogDerivedDataCache: Shared data cache path not found in *engine.ini, will not use an Shared cache.
[2022.11.17-05.41.27:686][  0]LogDerivedDataCache: Unable to find inner node Shared for hierarchical cache Hierarchy.
[2022.11.17-05.41.27:732][  0]LogSlate: Using FreeType 2.10.0
[2022.11.17-05.41.27:733][  0]LogSlate: SlateFontServices - WITH_FREETYPE: 1, WITH_HARFBUZZ: 1
[2022.11.17-05.41.27:761][  0]LogAssetRegistry: FAssetRegistry took 0.0034 seconds to start up
[2022.11.17-05.41.28:018][  0]LogInit: Selected Device Profile: [Windows]
[2022.11.17-05.41.28:018][  0]LogInit: Active device profile: [0000019174CF9400][0000019170F92900 49] Windows
[2022.11.17-05.41.28:018][  0]LogInit: Profiles: [0000019174CF9400][0000019170F92900 49] Windows, [0000019174C96600][000001916EAE2A80 49] WindowsNoEditor, [0000019174CFB800][000001916A9E6C00 49] WindowsServer, [0000019174C83F00][00000191706AAD80 49] WindowsClient, [0000019174C97800][00000191706AEF00 49] IOS, [0000019174C83100][000001917074B080 49] iPadAir, [0000019174C96B00][0000019171379200 49] iPadAir2, [0000019174C3C700][00000191707654C0 49] IPadPro, [0000019174C3C800][0000019170761500 49] iPadAir3, [0000019174C81D00][0000019170B7D680 49] iPadAir4, [0000019174C3D600][0000019170B81800 49] iPadMini2, [0000019174C80700][0000019170B85980 49] iPadMini3, [0000019174C3E200][0000019170B89B00 49] iPadMini4, [0000019174C82900][0000019170B8C100 49] iPadMini5, [0000019174C3BF00][000001916EAA43C0 49] iPhone6, [0000019174C3BE00][000001916EAA0400 49] iPodTouch6, [0000019174CFA600][000001916EAAC6C0 49] iPhone7, [0000019174CFA700][000001916EAA8700 49] iPodTouch7, [0000019174C38600][000001917077A840 49] iPhone5S, [0000019174C3EC00][000001916EAB0980 49] iPhone6Plus, [0000019174C38D00][000001916EAB4AC0 49] iPhone6S, [0000019174C3D800][000001916EABCC40 49] iPhone6SPlus, [0000019174C3A400][000001916EAC0DC0 49] iPhone7Plus, [0000019174C3ED00][000001916EAC4F40 49] iPhoneSE, [0000019174C38E00][00000191712E70C0 49] iPhone8, [0000019174C3CA00][00000191712EB240 49] iPhone8Plus, [0000019174CFA500][00000191712EF3C0 49] iPhoneX, [0000019174C3E800][00000191712F3540 49] iPhoneXS, [0000019174CF8900][00000191712F76C0 49] iPhoneXSMax, [0000019174C3C600][00000191712FB840 49] iPhoneXR, [0000019174CF9700][00000191712FF9C0 49] iPhone11, [0000019174C3D000][0000019171303B40 49] iPhone11Pro, [0000019174CF9800][0000019171306140 49] iPhone11ProMax, [0000019174C3EF00][000001917130A2C0 49] iPhoneSE2, [0000019174CF8300][000001917130E440 49] iPhone12Mini, [0000019174C3F400][00000191713125C0 49] iPhone12, [0000019174CF9300][0000019171316740 49] iPhone12Pro, [0000019174C3E600][000001917131A8C0 49] iPhone12ProMax, [0000019174CF8200][000001916EAB8A00 49] iPadPro105, [0000019174C3E400][000001917131EB40 49] iPadPro129, [0000019174CFAF00][0000019171322C80 49] iPadPro97, [0000019174C3F100][0000019171326DC0 49] iPadPro2_129, [0000019174CFAC00][000001917132EF40 49] iPad5, [0000019174C3C900][00000191713330C0 49] iPad6, [0000019174CF8D00][0000019171337240 49] iPad7, [0000019174C3C300][000001917133B3C0 49] iPad8, [0000019174CF8500][000001917133F540 49] iPadPro11, [0000019174C3F300][00000191713436C0 49] iPadPro2_11, [0000019174CF8700][0000019171347840 49] iPadPro3_129, [0000019174C3DB00][000001917134B9C0 49] iPadPro4_129, [0000019174CFB100][000001917134FB40 49] AppleTV, [0000019174C3F500][0000019171352140 49] AppleTV4K, [0000019174CFA300][000001916EAE62C0 49] TVOS, [0000019174C3EE00][000001916EAEA440 49] Mac, [0000019174CF8A00][000001916EAEE5C0 49] MacClient, [0000019174C3E300][000001916EAF2740 49] MacNoEditor, [0000019174CF9F00][000001916EAF68C0 49] MacServer, [0000019174C3E100][000001916EAFAA40 49] Linux, [0000019174CF9200][000001917132AB80 49] LinuxAArch64, [0000019174C3EA00][000001916EAFECC0 49] LinuxNoEditor, [0000019174CFA100][000001916EB02E00 49] LinuxAArch64NoEditor, [0000019174C3D200][000001916EB06F40 49] LinuxClient, [0000019174CFAA00][000001916EB0F0C0 49] LinuxAArch64Client, [0000019174C3FE00][000001916EB13240 49] LinuxServer, [0000019174CF9900][000001916EB173C0 49] LinuxAArch64Server, [0000019174C3CD00][000001916EB1B540 49] Android, [0000019174CF9B00][000001916EB1F6C0 49] Android_Low, [0000019174C3D500][000001916EB23840 49] Android_Mid, [0000019174C80600][000001916EB279C0 49] Android_High, [0000019174C3B800][000001916EB2BB40 49] Android_Default, [0000019174C82400][000001916EB2E140 49] Android_Adreno4xx, [0000019174C3B400][000001916EB322C0 49] Android_Adreno5xx_Low, [0000019174C80100][000001916EB36440 49] Android_Adreno5xx, [0000019174C3B900][000001916EB3A5C0 49] Android_Adreno6xx, [0000019174C82800][000001916EB3E740 49] Android_Adreno6xx_Vulkan, [0000019174C3BA00][000001916EB428C0 49] Android_Mali_T6xx, [0000019174C82C00][000001916EB46A40 49] Android_Mali_T7xx, [0000019174C39D00][000001916EB4ABC0 49] Android_Mali_T8xx, [0000019174C81100][000001916EB4ED40 49] Android_Mali_G71, [0000019174C3B000][000001916EB0AE80 49] Android_Mali_G72, [0000019174C81A00][000001916EB52FC0 49] Android_Mali_G72_Vulkan, [0000019174C3AD00][000001916EB57100 49] Android_Mali_G76, [0000019174C80D00][000001916EB5F280 49] Android_Mali_G76_Vulkan, [0000019174C39500][000001916EB63400 49] Android_Mali_G77, [0000019174C81C00][000001916EB67580 49] Android_Mali_G77_Vulkan, [0000019174C39200][000001916EB6B700 49] Android_Mali_G78, [0000019174C82D00][000001916EB6F880 49] Android_Mali_G78_Vulkan, [0000019174C39300][000001916EB73A00 49] Android_Mali_G710, [0000019174C82500][000001916EB77B80 49] Android_Mali_G710_Vulkan, [0000019174C38800][000001916EB7A180 49] Android_Vulkan_SM5, [0000019174C83200][0000019171166300 49] Android_PowerVR_G6xxx, [0000019174C3BC00][000001917116A480 49] Android_PowerVR_GT7xxx, [0000019174C81B00][000001917116E600 49] Android_PowerVR_GE8xxx, [0000019174C3A300][0000019171172780 49] Android_PowerVR_GM9xxx, [0000019174C80900][0000019171176900 49] Android_PowerVR_GM9xxx_Vulkan, [0000019174C3DC00][000001917117AA80 49] Android_TegraK1, [0000019174C81200][000001917117EC00 49] Android_Unknown_Vulkan, [0000019174C3C200][0000019171182D80 49] Lumin, [0000019174C83B00][0000019171186F00 49] Lumin_Desktop, [0000019174C3DE00][000001916EB5B040 49] HoloLens, 
[2022.11.17-05.41.28:240][  0]LogMeshReduction: Using QuadricMeshReduction for automatic static mesh reduction
[2022.11.17-05.41.28:240][  0]LogMeshReduction: Using SimplygonMeshReduction for automatic skeletal mesh reduction
[2022.11.17-05.41.28:240][  0]LogMeshReduction: Using ProxyLODMeshReduction for automatic mesh merging
[2022.11.17-05.41.28:240][  0]LogMeshReduction: No distributed automatic mesh merging module available
[2022.11.17-05.41.28:240][  0]LogMeshMerging: No distributed automatic mesh merging module available
[2022.11.17-05.41.28:281][  0]LogNetVersion: Final_Project 1.0.0, NetCL: 17155196, EngineNetVer: 17, GameNetVer: 0 (Checksum: 204220873)
[2022.11.17-05.41.29:336][  0]LogTexture: Default maximum texture size for cubemaps generated from long-lat sources has been changed from 512 to unlimited. In order to preserve old behaiour for '/Engine/MapTemplates/Sky/DaylightAmbientCubemap.DaylightAmbientCubemap', its maximum texture size has been explicitly set to 512.
[2022.11.17-05.41.29:451][  0]LogHMD: PokeAHoleMaterial loaded successfully
[2022.11.17-05.41.29:457][  0]LogUObjectArray: 17178 objects as part of root set at end of initial load.
[2022.11.17-05.41.29:457][  0]LogUObjectAllocator: 4302048 out of 0 bytes used by permanent object pool.
[2022.11.17-05.41.29:457][  0]LogUObjectArray: CloseDisregardForGC: 0/0 objects in disregard for GC pool
[2022.11.17-05.41.29:683][  0]LogNiagaraDebuggerClient: Niagara Debugger Client Initialized | Session: 94522C9D47D581841E86958E08948765 | Instance: 197C1A874E60108212DABA9CB8703AFF (LAPTOP-Q3U7U206-18716).
[2022.11.17-05.41.29:951][  0]LogPython: Using Python 3.7.7
[2022.11.17-05.41.30:756][  0]LogUdpMessaging: Initializing bridge on interface 0.0.0.0:0 to multicast group 230.0.0.1:6666.
[2022.11.17-05.41.30:767][  0]LogTcpMessaging: Initializing TcpMessaging bridge
[2022.11.17-05.41.30:988][  0]SourceControl: Source control is disabled
[2022.11.17-05.41.30:988][  0]SourceControl: Source control is disabled
[2022.11.17-05.41.30:991][  0]SourceControl: Source control is disabled
[2022.11.17-05.41.30:994][  0]SourceControl: Source control is disabled
[2022.11.17-05.41.31:007][  0]SourceControl: Source control is disabled
[2022.11.17-05.41.31:028][  0]LogUProjectInfo: Found projects:
[2022.11.17-05.41.31:036][  0]LogVSAccessor: Display: Unable to create Visual Studio setup instance: 80040154
[2022.11.17-05.41.31:037][  0]LogVSAccessor: Display: Unable to create Visual Studio setup instance: 80040154
[2022.11.17-05.41.31:037][  0]LogVSAccessor: Display: Unable to create Visual Studio setup instance: 80040154
[2022.11.17-05.41.31:303][  0]LogOpenImageDenoise: OIDN starting up
[2022.11.17-05.41.31:353][  0]LogAndroidPermission: UAndroidPermissionCallbackProxy::GetInstance
[2022.11.17-05.41.31:375][  0]LogAudioCaptureCore: Display: No Audio Capture implementations found. Audio input will be silent.
[2022.11.17-05.41.31:375][  0]LogAudioCaptureCore: Display: No Audio Capture implementations found. Audio input will be silent.
[2022.11.17-05.41.31:693][  0]LogCollectionManager: Loaded 0 collections in 0.001727 seconds
[2022.11.17-05.41.31:724][  0]LogFileCache: Scanning file cache for directory 'E:/UIUC/CS 415/CS415_Final_Project/Final_Project/Saved/Collections/' took 0.00s
[2022.11.17-05.41.31:724][  0]LogFileCache: Scanning file cache for directory 'E:/UIUC/CS 415/CS415_Final_Project/Final_Project/Content/Developers/HP/Collections/' took 0.00s
[2022.11.17-05.41.31:724][  0]LogFileCache: Scanning file cache for directory 'E:/UIUC/CS 415/CS415_Final_Project/Final_Project/Content/Collections/' took 0.00s
[2022.11.17-05.41.31:731][  0]LogOcInput: OculusInput pre-init called
[2022.11.17-05.41.32:111][  0]LogEngine: Initializing Engine...
[2022.11.17-05.41.32:113][  0]LogHMD: Failed to enumerate extensions. Please check that you have a valid OpenXR runtime installed.
[2022.11.17-05.41.32:114][  0]LogHMD: Failed to initialize OpenVR with code 110
[2022.11.17-05.41.32:114][  0]LogMagicLeap: Warning: VR disabled because ZI is not enabled.  To enable, in the editor, Edit -> Project Settings -> Plugins -> Magic Leap Plugin -> Enable Zero Iteration
[2022.11.17-05.41.32:115][  0]LogStats: UGameplayTagsManager::InitializeManager -  0.000 s
[2022.11.17-05.41.32:403][  0]LogInit: Initializing FReadOnlyCVARCache
[2022.11.17-05.41.32:410][  0]LogAIModule: Creating AISystem for world Untitled
[2022.11.17-05.41.32:411][  0]LogAudio: Display: Initializing Audio Device Manager...
[2022.11.17-05.41.32:414][  0]LogAudio: Display: Loading Default Audio Settings Objects...
[2022.11.17-05.41.32:416][  0]LogAudio: Display: No default SoundConcurrencyObject specified (or failed to load).
[2022.11.17-05.41.32:416][  0]LogAudio: Display: Audio Device Manager Initialized
[2022.11.17-05.41.32:416][  0]LogAudio: Display: Creating Audio Device:                 Id: 1, Scope: Shared, Realtime: True
[2022.11.17-05.41.32:416][  0]LogAudioMixer: Display: Audio Mixer Platform Settings:
[2022.11.17-05.41.32:416][  0]LogAudioMixer: Display: 	Sample Rate:						  48000
[2022.11.17-05.41.32:416][  0]LogAudioMixer: Display: 	Callback Buffer Frame Size Requested: 1024
[2022.11.17-05.41.32:416][  0]LogAudioMixer: Display: 	Callback Buffer Frame Size To Use:	  1024
[2022.11.17-05.41.32:416][  0]LogAudioMixer: Display: 	Number of buffers to queue:			  2
[2022.11.17-05.41.32:416][  0]LogAudioMixer: Display: 	Max Channels (voices):				  32
[2022.11.17-05.41.32:416][  0]LogAudioMixer: Display: 	Number of Async Source Workers:		  0
[2022.11.17-05.41.32:416][  0]LogAudio: Display: AudioDevice MaxSources: 32
[2022.11.17-05.41.32:417][  0]LogAudio: Display: Audio Spatialization Plugin: None (built-in).
[2022.11.17-05.41.32:417][  0]LogAudio: Display: Audio Reverb Plugin: None (built-in).
[2022.11.17-05.41.32:417][  0]LogAudio: Display: Audio Occlusion Plugin: None (built-in).
[2022.11.17-05.41.32:417][  0]LogAudioMixer: Display: Initializing audio mixer.
[2022.11.17-05.41.32:431][  0]LogAudioMixer: Display: 0: FrontLeft
[2022.11.17-05.41.32:431][  0]LogAudioMixer: Display: 1: FrontRight
[2022.11.17-05.41.32:539][  0]LogAudioMixer: Display: Using Audio Device Headphone (Realtek(R) Audio)
[2022.11.17-05.41.32:542][  0]LogAudioMixer: Display: Initializing Sound Submixes...
[2022.11.17-05.41.32:561][  0]LogAudioMixer: Display: Creating Master Submix 'MasterSubmixDefault'
[2022.11.17-05.41.32:561][  0]LogAudioMixer: Display: Creating Master Submix 'MasterReverbSubmixDefault'
[2022.11.17-05.41.32:562][  0]LogAudioMixer: Display: Creating Master Submix 'MasterEQSubmixDefault'
[2022.11.17-05.41.32:562][  0]LogAudioMixer: FMixerPlatformXAudio2::StartAudioStream() called
[2022.11.17-05.41.32:562][  0]LogAudioMixer: Display: Output buffers initialized: Frames=1024, Channels=2, Samples=2048
[2022.11.17-05.41.32:563][  0]LogAudioMixer: Display: Starting AudioMixerPlatformInterface::RunInternal()
[2022.11.17-05.41.32:563][  0]LogAudioMixer: Display: FMixerPlatformXAudio2::SubmitBuffer() called for the first time
[2022.11.17-05.41.32:563][  0]LogInit: FAudioDevice initialized.
[2022.11.17-05.41.32:563][  0]LogAudio: Display: Audio Device (ID: 1) registered with world 'Untitled'.
[2022.11.17-05.41.32:563][  0]LogNetVersion: Set ProjectVersion to 1.0.0.0. Version Checksum will be recalculated on next use.
[2022.11.17-05.41.32:608][  0]LogDerivedDataCache: Saved boot cache 0.04s 94MB C:/Users/HP/AppData/Local/UnrealEngine/4.27/DerivedDataCache/Boot.ddc.
[2022.11.17-05.41.32:610][  0]LogInit: Texture streaming: Enabled
[2022.11.17-05.41.32:623][  0]LogAnalytics: Display: [UEEditor.Rocket.Release] APIServer = https://datarouter.ol.epicgames.com/. AppVersion = 4.27.2-18319896+++UE4+Release-4.27
[2022.11.17-05.41.32:627][  0]LogEngineSessionManager: EngineSessionManager initialized
[2022.11.17-05.41.32:627][  0]LogEngineSessionManager: EngineSessionManager sent abnormal shutdown report. Type=Crashed, SessionId={CB712A84-4721-5D73-9AA7-93BB0FE550F6}
[2022.11.17-05.41.32:627][  0]LogEditorSessionSummary: Verbose: Initializing EditorSessionSummaryWriter for editor session tracking
[2022.11.17-05.41.32:629][  0]LogEditorSessionSummary: EditorSessionSummaryWriter initialized
[2022.11.17-05.41.32:653][  0]LogInit: Transaction tracking system initialized
[2022.11.17-05.41.32:673][  0]BlueprintLog: New page: Editor Load
[2022.11.17-05.41.32:732][  0]LocalizationService: Localization service is disabled
[2022.11.17-05.41.32:755][  0]TimingProfiler: Initialize
[2022.11.17-05.41.32:755][  0]TimingProfiler: OnSessionChanged
[2022.11.17-05.41.32:755][  0]LoadingProfiler: Initialize
[2022.11.17-05.41.32:755][  0]LoadingProfiler: OnSessionChanged
[2022.11.17-05.41.32:755][  0]NetworkingProfiler: Initialize
[2022.11.17-05.41.32:755][  0]NetworkingProfiler: OnSessionChanged
[2022.11.17-05.41.32:755][  0]MemoryProfiler: Initialize
[2022.11.17-05.41.32:755][  0]MemoryProfiler: OnSessionChanged
[2022.11.17-05.41.32:819][  0]LogVSAccessor: Display: Unable to create Visual Studio setup instance: 80040154
[2022.11.17-05.41.32:820][  0]LogVSAccessor: Display: Unable to create Visual Studio setup instance: 80040154
[2022.11.17-05.41.32:820][  0]LogVSAccessor: Display: Unable to create Visual Studio setup instance: 80040154
[2022.11.17-05.41.33:124][  0]LogCook: Display: CookSettings for Memory: MemoryMaxUsedVirtual 0MiB, MemoryMaxUsedPhysical 16384MiB, MemoryMinFreeVirtual 0MiB, MemoryMinFreePhysical 1024MiB
[2022.11.17-05.41.33:124][  0]LogCook: Display: Mobile HDR setting 1
[2022.11.17-05.41.33:350][  0]LogFileCache: Scanning file cache for directory 'E:/UIUC/CS 415/CS415_Final_Project/Final_Project/Content/' took 0.00s
[2022.11.17-05.41.33:624][  0]LogInit: Display: Engine is initialized. Leaving FEngineLoop::Init()
[2022.11.17-05.41.33:628][  0]SourceControl: Source control is disabled
[2022.11.17-05.41.33:701][  0]LogWindowsTextInputMethodSystem: Display: IME system activated using TSF (微软拼音).
[2022.11.17-05.41.33:742][  0]LogSlate: Took 0.000161 seconds to synchronously load lazily loaded font '../../../Engine/Content/Slate/Fonts/Roboto-Regular.ttf' (155K)
[2022.11.17-05.41.35:076][  0]LogSlate: Window 'Restore Packages' being destroyed
[2022.11.17-05.41.35:077][  0]LogWindowsTextInputMethodSystem: Display: IME system activated using TSF (微软拼音).
[2022.11.17-05.41.35:096][  0]LogUnrealEdMisc: Loading editor; pre map load, took 16.328
[2022.11.17-05.41.35:097][  0]Cmd: MAP LOAD FILE="E:/UIUC/CS 415/CS415_Final_Project/Final_Project/Content/ThirdPersonBP/Maps/ThirdPersonExampleMap.umap" TEMPLATE=0 SHOWPROGRESS=1 FEATURELEVEL=3
[2022.11.17-05.41.35:098][  0]LightingResults: New page: Lighting Build
[2022.11.17-05.41.35:100][  0]LogWorld: UWorld::CleanupWorld for Untitled, bSessionEnded=true, bCleanupResources=true
[2022.11.17-05.41.35:100][  0]LogSlate: InvalidateAllWidgets triggered.  All widgets were invalidated
[2022.11.17-05.41.35:100][  0]MapCheck: New page: Map Check
[2022.11.17-05.41.35:100][  0]LightingResults: New page: Lighting Build
[2022.11.17-05.41.35:106][  0]LogAudio: Display: Audio Device unregistered from world 'None'.
[2022.11.17-05.41.35:110][  0]LogUObjectHash: Compacting FUObjectHashTables data took   1.06ms
[2022.11.17-05.41.36:167][  0]LogAudio: Display: Audio Device (ID: 1) registered with world 'ThirdPersonExampleMap'.
[2022.11.17-05.41.36:168][  0]LogAIModule: Creating AISystem for world ThirdPersonExampleMap
[2022.11.17-05.41.36:197][  0]LogEditorServer: Finished looking for orphan Actors (0.000 secs)
[2022.11.17-05.41.36:209][  0]LogUObjectHash: Compacting FUObjectHashTables data took   1.31ms
[2022.11.17-05.41.36:210][  0]Cmd: MAP CHECKDEP NOCLEARLOG
[2022.11.17-05.41.36:210][  0]MapCheck: Map check complete: 0 Error(s), 0 Warning(s), took 0.184ms to complete.
[2022.11.17-05.41.36:211][  0]LogFileHelpers: Loading map 'ThirdPersonExampleMap' took 1.114
[2022.11.17-05.41.36:214][  0]LogUnrealEdMisc: Total Editor Startup Time, took 17.446
[2022.11.17-05.41.36:239][  0]LogWindowsTextInputMethodSystem: Display: IME system activated using TSF (微软拼音).
[2022.11.17-05.41.36:310][  0]LogSlate: Updating window title bar state: overlay mode, drag disabled, window buttons hidden, title bar hidden
[2022.11.17-05.41.36:323][  0]LogSlate: Updating window title bar state: overlay mode, drag disabled, window buttons hidden, title bar hidden
[2022.11.17-05.41.36:334][  0]LogSlate: Updating window title bar state: overlay mode, drag disabled, window buttons hidden, title bar hidden
[2022.11.17-05.41.36:346][  0]LogSlate: Updating window title bar state: overlay mode, drag disabled, window buttons hidden, title bar hidden
[2022.11.17-05.41.36:376][  0]LogNativeClassHierarchy: Verbose: Native class hierarchy populated in 0.0158 seconds. Added 3831 classes and 933 folders.
[2022.11.17-05.41.36:380][  0]LogNativeClassHierarchy: Verbose: Native class hierarchy updated for 'WidgetCarousel' in 0.0004 seconds. Added 0 classes and 0 folders.
[2022.11.17-05.41.36:395][  0]LogPakFile: PakFile PrimaryIndexSize=187
[2022.11.17-05.41.36:395][  0]LogPakFile: PakFile PathHashIndexSize=101
[2022.11.17-05.41.36:395][  0]LogPakFile: PakFile FullDirectoryIndexSize=148
[2022.11.17-05.41.36:395][  0]LogShaderLibrary: Display: ShaderCodeLibraryPakFileMountedCallback: PakFile 'C:/Program Files/Epic Games/UE_4.27/FeaturePacks/FP_FirstPerson.upack' (chunk index -1, root 'root:/') mounted
[2022.11.17-05.41.36:395][  0]LogShaderLibrary: Display: ShaderCodeLibraryPakFileMountedCallback: pending pak file info (ChunkID:-1 Root:root:/ File:C:/Program Files/Epic Games/UE_4.27/FeaturePacks/FP_FirstPerson.upack)
[2022.11.17-05.41.36:395][  0]LogPakFile: OnPakFileMounted2Time == 0.000121
[2022.11.17-05.41.36:409][  0]LogPakFile: PakFile PrimaryIndexSize=189
[2022.11.17-05.41.36:409][  0]LogPakFile: PakFile PathHashIndexSize=101
[2022.11.17-05.41.36:409][  0]LogPakFile: PakFile FullDirectoryIndexSize=152
[2022.11.17-05.41.36:409][  0]LogShaderLibrary: Display: ShaderCodeLibraryPakFileMountedCallback: PakFile 'C:/Program Files/Epic Games/UE_4.27/FeaturePacks/FP_FirstPersonBP.upack' (chunk index -1, root 'root:/') mounted
[2022.11.17-05.41.36:409][  0]LogShaderLibrary: Display: ShaderCodeLibraryPakFileMountedCallback: pending pak file info (ChunkID:-1 Root:root:/ File:C:/Program Files/Epic Games/UE_4.27/FeaturePacks/FP_FirstPersonBP.upack)
[2022.11.17-05.41.36:409][  0]LogPakFile: OnPakFileMounted2Time == 0.000245
[2022.11.17-05.41.36:419][  0]LogPakFile: PakFile PrimaryIndexSize=191
[2022.11.17-05.41.36:419][  0]LogPakFile: PakFile PathHashIndexSize=101
[2022.11.17-05.41.36:419][  0]LogPakFile: PakFile FullDirectoryIndexSize=160
[2022.11.17-05.41.36:420][  0]LogShaderLibrary: Display: ShaderCodeLibraryPakFileMountedCallback: PakFile 'C:/Program Files/Epic Games/UE_4.27/FeaturePacks/MobileStarterContent.upack' (chunk index -1, root 'root:/') mounted
[2022.11.17-05.41.36:420][  0]LogShaderLibrary: Display: ShaderCodeLibraryPakFileMountedCallback: pending pak file info (ChunkID:-1 Root:root:/ File:C:/Program Files/Epic Games/UE_4.27/FeaturePacks/MobileStarterContent.upack)
[2022.11.17-05.41.36:420][  0]LogPakFile: OnPakFileMounted2Time == 0.000058
[2022.11.17-05.41.36:428][  0]LogPakFile: PakFile PrimaryIndexSize=185
[2022.11.17-05.41.36:428][  0]LogPakFile: PakFile PathHashIndexSize=101
[2022.11.17-05.41.36:428][  0]LogPakFile: PakFile FullDirectoryIndexSize=148
[2022.11.17-05.41.36:428][  0]LogShaderLibrary: Display: ShaderCodeLibraryPakFileMountedCallback: PakFile 'C:/Program Files/Epic Games/UE_4.27/FeaturePacks/StarterContent.upack' (chunk index -1, root 'root:/') mounted
[2022.11.17-05.41.36:428][  0]LogShaderLibrary: Display: ShaderCodeLibraryPakFileMountedCallback: pending pak file info (ChunkID:-1 Root:root:/ File:C:/Program Files/Epic Games/UE_4.27/FeaturePacks/StarterContent.upack)
[2022.11.17-05.41.36:428][  0]LogPakFile: OnPakFileMounted2Time == 0.000062
[2022.11.17-05.41.36:438][  0]LogPakFile: PakFile PrimaryIndexSize=190
[2022.11.17-05.41.36:438][  0]LogPakFile: PakFile PathHashIndexSize=101
[2022.11.17-05.41.36:438][  0]LogPakFile: PakFile FullDirectoryIndexSize=154
[2022.11.17-05.41.36:438][  0]LogShaderLibrary: Display: ShaderCodeLibraryPakFileMountedCallback: PakFile 'C:/Program Files/Epic Games/UE_4.27/FeaturePacks/TP_2DSideScroller.upack' (chunk index -1, root 'root:/') mounted
[2022.11.17-05.41.36:438][  0]LogShaderLibrary: Display: ShaderCodeLibraryPakFileMountedCallback: pending pak file info (ChunkID:-1 Root:root:/ File:C:/Program Files/Epic Games/UE_4.27/FeaturePacks/TP_2DSideScroller.upack)
[2022.11.17-05.41.36:438][  0]LogPakFile: OnPakFileMounted2Time == 0.000095
[2022.11.17-05.41.36:448][  0]LogPakFile: PakFile PrimaryIndexSize=192
[2022.11.17-05.41.36:448][  0]LogPakFile: PakFile PathHashIndexSize=101
[2022.11.17-05.41.36:448][  0]LogPakFile: PakFile FullDirectoryIndexSize=158
[2022.11.17-05.41.36:448][  0]LogShaderLibrary: Display: ShaderCodeLibraryPakFileMountedCallback: PakFile 'C:/Program Files/Epic Games/UE_4.27/FeaturePacks/TP_2DSideScrollerBP.upack' (chunk index -1, root 'root:/') mounted
[2022.11.17-05.41.36:448][  0]LogShaderLibrary: Display: ShaderCodeLibraryPakFileMountedCallback: pending pak file info (ChunkID:-1 Root:root:/ File:C:/Program Files/Epic Games/UE_4.27/FeaturePacks/TP_2DSideScrollerBP.upack)
[2022.11.17-05.41.36:448][  0]LogPakFile: OnPakFileMounted2Time == 0.000097
[2022.11.17-05.41.36:457][  0]LogPakFile: PakFile PrimaryIndexSize=182
[2022.11.17-05.41.36:457][  0]LogPakFile: PakFile PathHashIndexSize=101
[2022.11.17-05.41.36:457][  0]LogPakFile: PakFile FullDirectoryIndexSize=138
[2022.11.17-05.41.36:457][  0]LogShaderLibrary: Display: ShaderCodeLibraryPakFileMountedCallback: PakFile 'C:/Program Files/Epic Games/UE_4.27/FeaturePacks/TP_Flying.upack' (chunk index -1, root 'root:/') mounted
[2022.11.17-05.41.36:457][  0]LogShaderLibrary: Display: ShaderCodeLibraryPakFileMountedCallback: pending pak file info (ChunkID:-1 Root:root:/ File:C:/Program Files/Epic Games/UE_4.27/FeaturePacks/TP_Flying.upack)
[2022.11.17-05.41.36:457][  0]LogPakFile: OnPakFileMounted2Time == 0.000126
[2022.11.17-05.41.36:466][  0]LogPakFile: PakFile PrimaryIndexSize=184
[2022.11.17-05.41.36:466][  0]LogPakFile: PakFile PathHashIndexSize=101
[2022.11.17-05.41.36:466][  0]LogPakFile: PakFile FullDirectoryIndexSize=142
[2022.11.17-05.41.36:466][  0]LogShaderLibrary: Display: ShaderCodeLibraryPakFileMountedCallback: PakFile 'C:/Program Files/Epic Games/UE_4.27/FeaturePacks/TP_FlyingBP.upack' (chunk index -1, root 'root:/') mounted
[2022.11.17-05.41.36:466][  0]LogShaderLibrary: Display: ShaderCodeLibraryPakFileMountedCallback: pending pak file info (ChunkID:-1 Root:root:/ File:C:/Program Files/Epic Games/UE_4.27/FeaturePacks/TP_FlyingBP.upack)
[2022.11.17-05.41.36:466][  0]LogPakFile: OnPakFileMounted2Time == 0.000065
[2022.11.17-05.41.36:476][  0]LogPakFile: PakFile PrimaryIndexSize=188
[2022.11.17-05.41.36:476][  0]LogPakFile: PakFile PathHashIndexSize=101
[2022.11.17-05.41.36:476][  0]LogPakFile: PakFile FullDirectoryIndexSize=150
[2022.11.17-05.41.36:476][  0]LogShaderLibrary: Display: ShaderCodeLibraryPakFileMountedCallback: PakFile 'C:/Program Files/Epic Games/UE_4.27/FeaturePacks/TP_HandheldARBP.upack' (chunk index -1, root 'root:/') mounted
[2022.11.17-05.41.36:476][  0]LogShaderLibrary: Display: ShaderCodeLibraryPakFileMountedCallback: pending pak file info (ChunkID:-1 Root:root:/ File:C:/Program Files/Epic Games/UE_4.27/FeaturePacks/TP_HandheldARBP.upack)
[2022.11.17-05.41.36:476][  0]LogPakFile: OnPakFileMounted2Time == 0.000099
[2022.11.17-05.41.36:483][  0]LogPakFile: PakFile PrimaryIndexSize=182
[2022.11.17-05.41.36:483][  0]LogPakFile: PakFile PathHashIndexSize=101
[2022.11.17-05.41.36:483][  0]LogPakFile: PakFile FullDirectoryIndexSize=138
[2022.11.17-05.41.36:483][  0]LogShaderLibrary: Display: ShaderCodeLibraryPakFileMountedCallback: PakFile 'C:/Program Files/Epic Games/UE_4.27/FeaturePacks/TP_Puzzle.upack' (chunk index -1, root 'root:/') mounted
[2022.11.17-05.41.36:483][  0]LogShaderLibrary: Display: ShaderCodeLibraryPakFileMountedCallback: pending pak file info (ChunkID:-1 Root:root:/ File:C:/Program Files/Epic Games/UE_4.27/FeaturePacks/TP_Puzzle.upack)
[2022.11.17-05.41.36:483][  0]LogPakFile: OnPakFileMounted2Time == 0.000106
[2022.11.17-05.41.36:491][  0]LogPakFile: PakFile PrimaryIndexSize=184
[2022.11.17-05.41.36:491][  0]LogPakFile: PakFile PathHashIndexSize=101
[2022.11.17-05.41.36:491][  0]LogPakFile: PakFile FullDirectoryIndexSize=142
[2022.11.17-05.41.36:491][  0]LogShaderLibrary: Display: ShaderCodeLibraryPakFileMountedCallback: PakFile 'C:/Program Files/Epic Games/UE_4.27/FeaturePacks/TP_PuzzleBP.upack' (chunk index -1, root 'root:/') mounted
[2022.11.17-05.41.36:491][  0]LogShaderLibrary: Display: ShaderCodeLibraryPakFileMountedCallback: pending pak file info (ChunkID:-1 Root:root:/ File:C:/Program Files/Epic Games/UE_4.27/FeaturePacks/TP_PuzzleBP.upack)
[2022.11.17-05.41.36:491][  0]LogPakFile: OnPakFileMounted2Time == 0.000114
[2022.11.17-05.41.36:499][  0]LogPakFile: PakFile PrimaryIndexSize=183
[2022.11.17-05.41.36:499][  0]LogPakFile: PakFile PathHashIndexSize=101
[2022.11.17-05.41.36:499][  0]LogPakFile: PakFile FullDirectoryIndexSize=140
[2022.11.17-05.41.36:499][  0]LogShaderLibrary: Display: ShaderCodeLibraryPakFileMountedCallback: PakFile 'C:/Program Files/Epic Games/UE_4.27/FeaturePacks/TP_Rolling.upack' (chunk index -1, root 'root:/') mounted
[2022.11.17-05.41.36:499][  0]LogShaderLibrary: Display: ShaderCodeLibraryPakFileMountedCallback: pending pak file info (ChunkID:-1 Root:root:/ File:C:/Program Files/Epic Games/UE_4.27/FeaturePacks/TP_Rolling.upack)
[2022.11.17-05.41.36:499][  0]LogPakFile: OnPakFileMounted2Time == 0.000060
[2022.11.17-05.41.36:506][  0]LogPakFile: PakFile PrimaryIndexSize=185
[2022.11.17-05.41.36:506][  0]LogPakFile: PakFile PathHashIndexSize=101
[2022.11.17-05.41.36:506][  0]LogPakFile: PakFile FullDirectoryIndexSize=144
[2022.11.17-05.41.36:506][  0]LogShaderLibrary: Display: ShaderCodeLibraryPakFileMountedCallback: PakFile 'C:/Program Files/Epic Games/UE_4.27/FeaturePacks/TP_RollingBP.upack' (chunk index -1, root 'root:/') mounted
[2022.11.17-05.41.36:506][  0]LogShaderLibrary: Display: ShaderCodeLibraryPakFileMountedCallback: pending pak file info (ChunkID:-1 Root:root:/ File:C:/Program Files/Epic Games/UE_4.27/FeaturePacks/TP_RollingBP.upack)
[2022.11.17-05.41.36:506][  0]LogPakFile: OnPakFileMounted2Time == 0.000099
[2022.11.17-05.41.36:513][  0]LogPakFile: PakFile PrimaryIndexSize=188
[2022.11.17-05.41.36:513][  0]LogPakFile: PakFile PathHashIndexSize=101
[2022.11.17-05.41.36:513][  0]LogPakFile: PakFile FullDirectoryIndexSize=150
[2022.11.17-05.41.36:513][  0]LogShaderLibrary: Display: ShaderCodeLibraryPakFileMountedCallback: PakFile 'C:/Program Files/Epic Games/UE_4.27/FeaturePacks/TP_SideScroller.upack' (chunk index -1, root 'root:/') mounted
[2022.11.17-05.41.36:513][  0]LogShaderLibrary: Display: ShaderCodeLibraryPakFileMountedCallback: pending pak file info (ChunkID:-1 Root:root:/ File:C:/Program Files/Epic Games/UE_4.27/FeaturePacks/TP_SideScroller.upack)
[2022.11.17-05.41.36:513][  0]LogPakFile: OnPakFileMounted2Time == 0.000094
[2022.11.17-05.41.36:521][  0]LogPakFile: PakFile PrimaryIndexSize=190
[2022.11.17-05.41.36:521][  0]LogPakFile: PakFile PathHashIndexSize=101
[2022.11.17-05.41.36:521][  0]LogPakFile: PakFile FullDirectoryIndexSize=154
[2022.11.17-05.41.36:521][  0]LogShaderLibrary: Display: ShaderCodeLibraryPakFileMountedCallback: PakFile 'C:/Program Files/Epic Games/UE_4.27/FeaturePacks/TP_SideScrollerBP.upack' (chunk index -1, root 'root:/') mounted
[2022.11.17-05.41.36:521][  0]LogShaderLibrary: Display: ShaderCodeLibraryPakFileMountedCallback: pending pak file info (ChunkID:-1 Root:root:/ File:C:/Program Files/Epic Games/UE_4.27/FeaturePacks/TP_SideScrollerBP.upack)
[2022.11.17-05.41.36:521][  0]LogPakFile: OnPakFileMounted2Time == 0.000104
[2022.11.17-05.41.36:529][  0]LogPakFile: PakFile PrimaryIndexSize=187
[2022.11.17-05.41.36:529][  0]LogPakFile: PakFile PathHashIndexSize=101
[2022.11.17-05.41.36:529][  0]LogPakFile: PakFile FullDirectoryIndexSize=148
[2022.11.17-05.41.36:530][  0]LogShaderLibrary: Display: ShaderCodeLibraryPakFileMountedCallback: PakFile 'C:/Program Files/Epic Games/UE_4.27/FeaturePacks/TP_ThirdPerson.upack' (chunk index -1, root 'root:/') mounted
[2022.11.17-05.41.36:530][  0]LogShaderLibrary: Display: ShaderCodeLibraryPakFileMountedCallback: pending pak file info (ChunkID:-1 Root:root:/ File:C:/Program Files/Epic Games/UE_4.27/FeaturePacks/TP_ThirdPerson.upack)
[2022.11.17-05.41.36:530][  0]LogPakFile: OnPakFileMounted2Time == 0.000154
[2022.11.17-05.41.36:539][  0]LogPakFile: PakFile PrimaryIndexSize=189
[2022.11.17-05.41.36:539][  0]LogPakFile: PakFile PathHashIndexSize=101
[2022.11.17-05.41.36:539][  0]LogPakFile: PakFile FullDirectoryIndexSize=152
[2022.11.17-05.41.36:539][  0]LogShaderLibrary: Display: ShaderCodeLibraryPakFileMountedCallback: PakFile 'C:/Program Files/Epic Games/UE_4.27/FeaturePacks/TP_ThirdPersonBP.upack' (chunk index -1, root 'root:/') mounted
[2022.11.17-05.41.36:539][  0]LogShaderLibrary: Display: ShaderCodeLibraryPakFileMountedCallback: pending pak file info (ChunkID:-1 Root:root:/ File:C:/Program Files/Epic Games/UE_4.27/FeaturePacks/TP_ThirdPersonBP.upack)
[2022.11.17-05.41.36:539][  0]LogPakFile: OnPakFileMounted2Time == 0.000099
[2022.11.17-05.41.36:548][  0]LogPakFile: PakFile PrimaryIndexSize=183
[2022.11.17-05.41.36:548][  0]LogPakFile: PakFile PathHashIndexSize=101
[2022.11.17-05.41.36:548][  0]LogPakFile: PakFile FullDirectoryIndexSize=140
[2022.11.17-05.41.36:548][  0]LogShaderLibrary: Display: ShaderCodeLibraryPakFileMountedCallback: PakFile 'C:/Program Files/Epic Games/UE_4.27/FeaturePacks/TP_TopDown.upack' (chunk index -1, root 'root:/') mounted
[2022.11.17-05.41.36:548][  0]LogShaderLibrary: Display: ShaderCodeLibraryPakFileMountedCallback: pending pak file info (ChunkID:-1 Root:root:/ File:C:/Program Files/Epic Games/UE_4.27/FeaturePacks/TP_TopDown.upack)
[2022.11.17-05.41.36:548][  0]LogPakFile: OnPakFileMounted2Time == 0.000131
[2022.11.17-05.41.36:557][  0]LogPakFile: PakFile PrimaryIndexSize=185
[2022.11.17-05.41.36:557][  0]LogPakFile: PakFile PathHashIndexSize=101
[2022.11.17-05.41.36:557][  0]LogPakFile: PakFile FullDirectoryIndexSize=144
[2022.11.17-05.41.36:557][  0]LogShaderLibrary: Display: ShaderCodeLibraryPakFileMountedCallback: PakFile 'C:/Program Files/Epic Games/UE_4.27/FeaturePacks/TP_TopDownBP.upack' (chunk index -1, root 'root:/') mounted
[2022.11.17-05.41.36:557][  0]LogShaderLibrary: Display: ShaderCodeLibraryPakFileMountedCallback: pending pak file info (ChunkID:-1 Root:root:/ File:C:/Program Files/Epic Games/UE_4.27/FeaturePacks/TP_TopDownBP.upack)
[2022.11.17-05.41.36:557][  0]LogPakFile: OnPakFileMounted2Time == 0.000091
[2022.11.17-05.41.36:571][  0]LogPakFile: PakFile PrimaryIndexSize=185
[2022.11.17-05.41.36:571][  0]LogPakFile: PakFile PathHashIndexSize=101
[2022.11.17-05.41.36:571][  0]LogPakFile: PakFile FullDirectoryIndexSize=144
[2022.11.17-05.41.36:571][  0]LogShaderLibrary: Display: ShaderCodeLibraryPakFileMountedCallback: PakFile 'C:/Program Files/Epic Games/UE_4.27/FeaturePacks/TP_TwinStick.upack' (chunk index -1, root 'root:/') mounted
[2022.11.17-05.41.36:571][  0]LogShaderLibrary: Display: ShaderCodeLibraryPakFileMountedCallback: pending pak file info (ChunkID:-1 Root:root:/ File:C:/Program Files/Epic Games/UE_4.27/FeaturePacks/TP_TwinStick.upack)
[2022.11.17-05.41.36:571][  0]LogPakFile: OnPakFileMounted2Time == 0.000103
[2022.11.17-05.41.36:579][  0]LogPakFile: PakFile PrimaryIndexSize=187
[2022.11.17-05.41.36:579][  0]LogPakFile: PakFile PathHashIndexSize=101
[2022.11.17-05.41.36:579][  0]LogPakFile: PakFile FullDirectoryIndexSize=148
[2022.11.17-05.41.36:579][  0]LogShaderLibrary: Display: ShaderCodeLibraryPakFileMountedCallback: PakFile 'C:/Program Files/Epic Games/UE_4.27/FeaturePacks/TP_TwinStickBP.upack' (chunk index -1, root 'root:/') mounted
[2022.11.17-05.41.36:579][  0]LogShaderLibrary: Display: ShaderCodeLibraryPakFileMountedCallback: pending pak file info (ChunkID:-1 Root:root:/ File:C:/Program Files/Epic Games/UE_4.27/FeaturePacks/TP_TwinStickBP.upack)
[2022.11.17-05.41.36:579][  0]LogPakFile: OnPakFileMounted2Time == 0.000104
[2022.11.17-05.41.36:588][  0]LogPakFile: PakFile PrimaryIndexSize=183
[2022.11.17-05.41.36:589][  0]LogPakFile: PakFile PathHashIndexSize=101
[2022.11.17-05.41.36:589][  0]LogPakFile: PakFile FullDirectoryIndexSize=140
[2022.11.17-05.41.36:589][  0]LogShaderLibrary: Display: ShaderCodeLibraryPakFileMountedCallback: PakFile 'C:/Program Files/Epic Games/UE_4.27/FeaturePacks/TP_Vehicle.upack' (chunk index -1, root 'root:/') mounted
[2022.11.17-05.41.36:589][  0]LogShaderLibrary: Display: ShaderCodeLibraryPakFileMountedCallback: pending pak file info (ChunkID:-1 Root:root:/ File:C:/Program Files/Epic Games/UE_4.27/FeaturePacks/TP_Vehicle.upack)
[2022.11.17-05.41.36:589][  0]LogPakFile: OnPakFileMounted2Time == 0.000091
[2022.11.17-05.41.36:597][  0]LogPakFile: PakFile PrimaryIndexSize=186
[2022.11.17-05.41.36:597][  0]LogPakFile: PakFile PathHashIndexSize=101
[2022.11.17-05.41.36:597][  0]LogPakFile: PakFile FullDirectoryIndexSize=146
[2022.11.17-05.41.36:597][  0]LogShaderLibrary: Display: ShaderCodeLibraryPakFileMountedCallback: PakFile 'C:/Program Files/Epic Games/UE_4.27/FeaturePacks/TP_VehicleAdv.upack' (chunk index -1, root 'root:/') mounted
[2022.11.17-05.41.36:597][  0]LogShaderLibrary: Display: ShaderCodeLibraryPakFileMountedCallback: pending pak file info (ChunkID:-1 Root:root:/ File:C:/Program Files/Epic Games/UE_4.27/FeaturePacks/TP_VehicleAdv.upack)
[2022.11.17-05.41.36:597][  0]LogPakFile: OnPakFileMounted2Time == 0.000089
[2022.11.17-05.41.36:606][  0]LogPakFile: PakFile PrimaryIndexSize=188
[2022.11.17-05.41.36:606][  0]LogPakFile: PakFile PathHashIndexSize=101
[2022.11.17-05.41.36:606][  0]LogPakFile: PakFile FullDirectoryIndexSize=150
[2022.11.17-05.41.36:606][  0]LogShaderLibrary: Display: ShaderCodeLibraryPakFileMountedCallback: PakFile 'C:/Program Files/Epic Games/UE_4.27/FeaturePacks/TP_VehicleAdvBP.upack' (chunk index -1, root 'root:/') mounted
[2022.11.17-05.41.36:606][  0]LogShaderLibrary: Display: ShaderCodeLibraryPakFileMountedCallback: pending pak file info (ChunkID:-1 Root:root:/ File:C:/Program Files/Epic Games/UE_4.27/FeaturePacks/TP_VehicleAdvBP.upack)
[2022.11.17-05.41.36:606][  0]LogPakFile: OnPakFileMounted2Time == 0.000117
[2022.11.17-05.41.36:614][  0]LogPakFile: PakFile PrimaryIndexSize=185
[2022.11.17-05.41.36:614][  0]LogPakFile: PakFile PathHashIndexSize=101
[2022.11.17-05.41.36:614][  0]LogPakFile: PakFile FullDirectoryIndexSize=144
[2022.11.17-05.41.36:614][  0]LogShaderLibrary: Display: ShaderCodeLibraryPakFileMountedCallback: PakFile 'C:/Program Files/Epic Games/UE_4.27/FeaturePacks/TP_VehicleBP.upack' (chunk index -1, root 'root:/') mounted
[2022.11.17-05.41.36:614][  0]LogShaderLibrary: Display: ShaderCodeLibraryPakFileMountedCallback: pending pak file info (ChunkID:-1 Root:root:/ File:C:/Program Files/Epic Games/UE_4.27/FeaturePacks/TP_VehicleBP.upack)
[2022.11.17-05.41.36:615][  0]LogPakFile: OnPakFileMounted2Time == 0.000120
[2022.11.17-05.41.36:624][  0]LogPakFile: PakFile PrimaryIndexSize=192
[2022.11.17-05.41.36:624][  0]LogPakFile: PakFile PathHashIndexSize=101
[2022.11.17-05.41.36:624][  0]LogPakFile: PakFile FullDirectoryIndexSize=158
[2022.11.17-05.41.36:624][  0]LogShaderLibrary: Display: ShaderCodeLibraryPakFileMountedCallback: PakFile 'C:/Program Files/Epic Games/UE_4.27/FeaturePacks/TP_VirtualRealityBP.upack' (chunk index -1, root 'root:/') mounted
[2022.11.17-05.41.36:624][  0]LogShaderLibrary: Display: ShaderCodeLibraryPakFileMountedCallback: pending pak file info (ChunkID:-1 Root:root:/ File:C:/Program Files/Epic Games/UE_4.27/FeaturePacks/TP_VirtualRealityBP.upack)
[2022.11.17-05.41.36:624][  0]LogPakFile: OnPakFileMounted2Time == 0.000112
[2022.11.17-05.41.36:852][  0]LogNativeClassHierarchy: Verbose: Native class hierarchy updated for 'AddContentDialog' in 0.0004 seconds. Added 0 classes and 0 folders.
[2022.11.17-05.41.36:854][  0]LogNativeClassHierarchy: Verbose: Native class hierarchy updated for 'SceneOutliner' in 0.0003 seconds. Added 2 classes and 0 folders.
[2022.11.17-05.41.36:889][  0]LogSlate: Took 0.005305 seconds to synchronously load lazily loaded font '../../../Engine/Content/Editor/Slate/Fonts/FontAwesome.ttf' (139K)
[2022.11.17-05.41.36:890][  0]LogSlate: Took 0.000144 seconds to synchronously load lazily loaded font '../../../Engine/Content/Slate/Fonts/Roboto-Bold.ttf' (160K)
[2022.11.17-05.41.37:018][  0]LogRenderer: Reallocating scene render targets to support 1208x572 Format 10 NumSamples 1 (Frame:1).
[2022.11.17-05.41.37:110][  0]LogNativeClassHierarchy: Verbose: Native class hierarchy updated for 'HierarchicalLODOutliner' in 0.0003 seconds. Added 0 classes and 0 folders.
[2022.11.17-05.41.37:110][  0]LogInput: Warning: Action Jump uses invalid key OculusGo_Left_Trigger_Click.
[2022.11.17-05.41.37:110][  0]LogInput: Warning: Action ResetVR uses invalid key OculusGo_Left_Trackpad_Click.
[2022.11.17-05.41.37:110][  0]LogInput: Warning: Use -RemoveInvalidKeys to remove instances of these keys from the action mapping.
[2022.11.17-05.41.37:110][  0]LogLoad: (Engine Initialization) Total time: 18.34 seconds
[2022.11.17-05.41.37:110][  0]LogLoad: (Engine Initialization) Total Blueprint compile time: 0.00 seconds
[2022.11.17-05.41.37:169][  0]LogAssetRegistry: Asset discovery search completed in 9.4085 seconds
[2022.11.17-05.41.37:197][  0]LogCollectionManager: Fixed up redirectors for 0 collections in 0.000003 seconds (updated 0 objects)
[2022.11.17-05.41.37:198][  0]LogContentStreaming: Texture pool size now 1000 MB
[2022.11.17-05.41.37:377][  2]LogSlate: Took 0.004308 seconds to synchronously load lazily loaded font '../../../Engine/Content/Slate/Fonts/Roboto-Light.ttf' (167K)
[2022.11.17-05.41.38:197][ 22]LogSlate: Took 0.000160 seconds to synchronously load lazily loaded font '../../../Engine/Content/Slate/Fonts/Roboto-Light.ttf' (167K)
